<?xml version="1.0" encoding="UTF-8"?>
<testsuites name="Para Bank" time="58.644" tests="4" failures="0" errors="0">
   <testsuite name="Para Bank" tests="4" failures="0" errors="0" time="58.644" skipped="0" timestamp="20-01-2024T00:42:05" hostname="0767 - DESKTOP-SQ56SGT" id="Test Suites/Test Suites/Para Bank">
      <properties>
         <property name="deviceName" value=""/>
         <property name="devicePlatform" value=""/>
         <property name="logFolder" value="C:\\Users\\0767\\Katalon Studio\\ProjectIGLO\\Reports\\20240120_004151\\Test Suites\\Para Bank\\20240120_004151"/>
         <property name="logFiles" value="C:\\Users\\0767\\Katalon Studio\\ProjectIGLO\\Reports\\20240120_004151\\Test Suites\\Para Bank\\20240120_004151\\execution0.log"/>
         <property name="attachments" value=""/>
         <property name="hostName" value="0767 - DESKTOP-SQ56SGT"/>
         <property name="os" value="Windows 10 64bit"/>
         <property name="katalonVersion" value="9.2.0.212"/>
         <property name="browser" value="Chrome 120.0.0.0"/>
         <property name="hostAddress" value="192.168.90.251"/>
         <property name="sessionId" value="dd4edc10cfedc669bc5f8aa72d75bb9b"/>
         <property name="seleniumVersion" value="3.141.59"/>
         <property name="proxyInformation" value="ProxyInformation { proxyOption=NO_PROXY, proxyServerType=HTTP, username=, password=********, proxyServerAddress=, proxyServerPort=0, executionList=&quot;&quot;, isApplyToDesiredCapabilities=true }"/>
         <property name="platform" value="Windows 10"/>
      </properties>
      <testcase name="Test Cases/Para Bank/Login" time="15.584" classname="Test Cases/Para Bank/Login" status="PASSED">
         <system-out><![CDATA[20-01-2024T00:42:06 - [TEST_CASE][PASSED] - Test Cases/Para Bank/Login: Test Cases/Para Bank/Login

20-01-2024T00:42:06 - [TEST_STEP][PASSED] - openBrowser(""): Browser is opened with url: ''

20-01-2024T00:42:07 - [MESSAGE][INFO] - Starting 'Chrome' driver

20-01-2024T00:42:07 - [MESSAGE][INFO] - Action delay is set to 0 milliseconds

20-01-2024T00:42:10 - [MESSAGE][PASSED] - Browser is opened with url: ''

20-01-2024T00:42:10 - [TEST_STEP][PASSED] - navigateToUrl("https://parabank.parasoft.com/parabank/index.htm"): Navigate to 'https://parabank.parasoft.com/parabank/index.htm' successfully

20-01-2024T00:42:17 - [MESSAGE][PASSED] - Navigate to 'https://parabank.parasoft.com/parabank/index.htm' successfully

20-01-2024T00:42:17 - [TEST_STEP][PASSED] - setText(findTestObject("Object Repository/Para Bank/Page_ParaBank  Welcome  Online Banking/input_username"), "asep"): Text 'asep' is set on object 'Object Repository/Para Bank/Page_ParaBank  Welcome  Online Banking/input_username'

20-01-2024T00:42:18 - [MESSAGE][PASSED] - Text 'asep' is set on object 'Object Repository/Para Bank/Page_ParaBank  Welcome  Online Banking/input_username'

20-01-2024T00:42:18 - [TEST_STEP][PASSED] - setEncryptedText(findTestObject("Object Repository/Para Bank/Page_ParaBank  Welcome  Online Banking/input_password"), "amhbjqpz+W+cUhleMTuzlg=="): Text ****** has been set on object 'Object Repository/Para Bank/Page_ParaBank  Welcome  Online Banking/input_password'

20-01-2024T00:42:18 - [MESSAGE][PASSED] - Text ****** has been set on object 'Object Repository/Para Bank/Page_ParaBank  Welcome  Online Banking/input_password'

20-01-2024T00:42:18 - [TEST_STEP][PASSED] - click(findTestObject("Object Repository/Para Bank/Page_ParaBank  Welcome  Online Banking/input_button")): Object: 'Object Repository/Para Bank/Page_ParaBank  Welcome  Online Banking/input_button' is clicked on

20-01-2024T00:42:21 - [MESSAGE][PASSED] - Object: 'Object Repository/Para Bank/Page_ParaBank  Welcome  Online Banking/input_button' is clicked on]]></system-out>
         <system-err><![CDATA[]]></system-err>
      </testcase>
      <testcase name="Test Cases/Para Bank/Open New Account" time="4.592" classname="Test Cases/Para Bank/Open New Account" status="PASSED">
         <system-out><![CDATA[20-01-2024T00:42:21 - [TEST_CASE][PASSED] - Test Cases/Para Bank/Open New Account: Test Cases/Para Bank/Open New Account

20-01-2024T00:42:22 - [TEST_STEP][PASSED] - click(findTestObject("Object Repository/Para Bank/Page_ParaBank  Accounts Overview/a_Open New Account")): Object: 'Object Repository/Para Bank/Page_ParaBank  Accounts Overview/a_Open New Account' is clicked on

20-01-2024T00:42:23 - [MESSAGE][PASSED] - Object: 'Object Repository/Para Bank/Page_ParaBank  Accounts Overview/a_Open New Account' is clicked on

20-01-2024T00:42:23 - [TEST_STEP][PASSED] - selectOptionByValue(findTestObject("Object Repository/Para Bank/Page_ParaBank  Open Account/select_CHECKING                  SAVINGS"), "1", true): All options with value '1' are selected in object 'Object Repository/Para Bank/Page_ParaBank  Open Account/select_CHECKING                  SAVINGS'  using regular expression

20-01-2024T00:42:24 - [MESSAGE][PASSED] - All options with value '1' are selected in object 'Object Repository/Para Bank/Page_ParaBank  Open Account/select_CHECKING                  SAVINGS'  using regular expression

20-01-2024T00:42:24 - [TEST_STEP][PASSED] - click(findTestObject("Object Repository/Para Bank/Page_ParaBank  Open Account/input_button")): Object: 'Object Repository/Para Bank/Page_ParaBank  Open Account/input_button' is clicked on

20-01-2024T00:42:25 - [MESSAGE][PASSED] - Object: 'Object Repository/Para Bank/Page_ParaBank  Open Account/input_button' is clicked on

20-01-2024T00:42:25 - [TEST_STEP][PASSED] - click(findTestObject("Object Repository/Para Bank/Page_ParaBank  Open Account/a_32547")): Object: 'Object Repository/Para Bank/Page_ParaBank  Open Account/a_32547' is clicked on

20-01-2024T00:42:26 - [MESSAGE][PASSED] - Object: 'Object Repository/Para Bank/Page_ParaBank  Open Account/a_32547' is clicked on]]></system-out>
         <system-err><![CDATA[]]></system-err>
      </testcase>
      <testcase name="Test Cases/Para Bank/Account Overview" time="32.764" classname="Test Cases/Para Bank/Account Overview" status="PASSED">
         <system-out><![CDATA[20-01-2024T00:42:26 - [TEST_CASE][PASSED] - Test Cases/Para Bank/Account Overview: Test Cases/Para Bank/Account Overview

20-01-2024T00:42:26 - [TEST_STEP][PASSED] - click(findTestObject("Object Repository/Para Bank/Page_ParaBank  Accounts Overview/a_Accounts Overview")): Object: 'Object Repository/Para Bank/Page_ParaBank  Accounts Overview/a_Accounts Overview' is clicked on

20-01-2024T00:42:27 - [MESSAGE][PASSED] - Object: 'Object Repository/Para Bank/Page_ParaBank  Accounts Overview/a_Accounts Overview' is clicked on

20-01-2024T00:42:27 - [TEST_STEP][PASSED] - click(findTestObject("Object Repository/Para Bank/Page_ParaBank  Accounts Overview/b_5000.00")): Object: 'Object Repository/Para Bank/Page_ParaBank  Accounts Overview/b_5000.00' is clicked on

20-01-2024T00:42:58 - [MESSAGE][INFO] - Unable to find the element located by 'By.xpath: //table[@id='accountTable']/tbody/tr[3]/td[2]/b'. Please recheck the objects properties to make sure the desired element is located. 

20-01-2024T00:42:58 - [MESSAGE][WARNING] - [SELF-HEALING] Failed to find element with id 'Object Repository/Para Bank/Page_ParaBank  Accounts Overview/b_5000.00'. Try using Self-healing.

20-01-2024T00:42:59 - [MESSAGE][WARNING] - [SELF-HEALING] The current locator of test object 'Object Repository/Para Bank/Page_ParaBank  Accounts Overview/b_5000.00' was broken. Propose an alternative one: '//td[2]/b'.

20-01-2024T00:42:59 - [MESSAGE][PASSED] - Object: 'Object Repository/Para Bank/Page_ParaBank  Accounts Overview/b_5000.00' is clicked on]]></system-out>
         <system-err><![CDATA[]]></system-err>
      </testcase>
      <testcase name="Test Cases/Para Bank/Transfer Funds" time="5.243" classname="Test Cases/Para Bank/Transfer Funds" status="PASSED">
         <system-out><![CDATA[20-01-2024T00:42:59 - [TEST_CASE][PASSED] - Test Cases/Para Bank/Transfer Funds: Test Cases/Para Bank/Transfer Funds

20-01-2024T00:42:59 - [TEST_STEP][PASSED] - click(findTestObject("Object Repository/Para Bank/Page_ParaBank  Accounts Overview/a_Transfer Funds")): Object: 'Object Repository/Para Bank/Page_ParaBank  Accounts Overview/a_Transfer Funds' is clicked on

20-01-2024T00:43:00 - [MESSAGE][PASSED] - Object: 'Object Repository/Para Bank/Page_ParaBank  Accounts Overview/a_Transfer Funds' is clicked on

20-01-2024T00:43:00 - [TEST_STEP][PASSED] - setText(findTestObject("Object Repository/Para Bank/Page_ParaBank  Transfer Funds/input_input"), "110"): Text '110' is set on object 'Object Repository/Para Bank/Page_ParaBank  Transfer Funds/input_input'

20-01-2024T00:43:01 - [MESSAGE][PASSED] - Text '110' is set on object 'Object Repository/Para Bank/Page_ParaBank  Transfer Funds/input_input'

20-01-2024T00:43:01 - [TEST_STEP][PASSED] - selectOptionByValue(findTestObject("Object Repository/Para Bank/Page_ParaBank  Transfer Funds/select_3243632547"), "32436", true): All options with value '32436' are selected in object 'Object Repository/Para Bank/Page_ParaBank  Transfer Funds/select_3243632547'  using regular expression

20-01-2024T00:43:02 - [MESSAGE][PASSED] - All options with value '32436' are selected in object 'Object Repository/Para Bank/Page_ParaBank  Transfer Funds/select_3243632547'  using regular expression

20-01-2024T00:43:02 - [TEST_STEP][PASSED] - selectOptionByValue(findTestObject("Object Repository/Para Bank/Page_ParaBank  Transfer Funds/select_3243632547"), "32547", true): All options with value '32547' are selected in object 'Object Repository/Para Bank/Page_ParaBank  Transfer Funds/select_3243632547'  using regular expression

20-01-2024T00:43:04 - [MESSAGE][PASSED] - All options with value '32547' are selected in object 'Object Repository/Para Bank/Page_ParaBank  Transfer Funds/select_3243632547'  using regular expression

20-01-2024T00:43:04 - [TEST_STEP][PASSED] - click(findTestObject("Object Repository/Para Bank/Page_ParaBank  Transfer Funds/input_button")): Object: 'Object Repository/Para Bank/Page_ParaBank  Transfer Funds/input_button' is clicked on

20-01-2024T00:43:04 - [MESSAGE][PASSED] - Object: 'Object Repository/Para Bank/Page_ParaBank  Transfer Funds/input_button' is clicked on]]></system-out>
         <system-err><![CDATA[]]></system-err>
      </testcase>
      <system-out><![CDATA[20-01-2024T00:42:05 - [TEST_SUITE][PASSED] - Para Bank: Test Cases/Para Bank/Transfer Funds]]></system-out>
      <system-err><![CDATA[]]></system-err>
   </testsuite>
</testsuites>
