<?xml version="1.0" encoding="UTF-8"?>
<testsuites name="Looping" time="132.353" tests="1" failures="0" errors="0">
   <testsuite name="Looping" tests="1" failures="0" errors="0" time="132.353" skipped="0" timestamp="23-01-2024T23:57:30" hostname="0767 - DESKTOP-SQ56SGT" id="Test Suites/Looping">
      <properties>
         <property name="deviceName" value=""/>
         <property name="devicePlatform" value=""/>
         <property name="logFolder" value="C:\\Users\\0767\\Katalon Studio\\ProjectIGLO\\Reports\\20240123_235706\\Looping\\20240123_235706"/>
         <property name="logFiles" value="C:\\Users\\0767\\Katalon Studio\\ProjectIGLO\\Reports\\20240123_235706\\Looping\\20240123_235706\\execution0.log"/>
         <property name="attachments" value="keyes\keyes-cek.png, keyes\keyes-Medicare.png, keyes\keyes-ss.png, keyes\keyes-Medicaid.png, keyes\keyes-ss.png, keyes\keyes-None.png, keyes\keyes-ss.png"/>
         <property name="hostName" value="0767 - DESKTOP-SQ56SGT"/>
         <property name="os" value="Windows 10 64bit"/>
         <property name="katalonVersion" value="9.2.0.212"/>
         <property name="browser" value="Chrome 120.0.0.0"/>
         <property name="hostAddress" value="192.168.78.2"/>
         <property name="sessionId" value="ec708693574091fadb25f7a730b48442"/>
         <property name="seleniumVersion" value="3.141.59"/>
         <property name="proxyInformation" value="ProxyInformation { proxyOption=NO_PROXY, proxyServerType=HTTP, username=, password=********, proxyServerAddress=, proxyServerPort=0, executionList=&quot;&quot;, isApplyToDesiredCapabilities=true }"/>
         <property name="platform" value="Windows 10"/>
      </properties>
      <testcase name="Test Cases/Cura Healthcare Center/TC_5 Looping" time="131.905" classname="Test Cases/Cura Healthcare Center/TC_5 Looping" status="PASSED">
         <system-out><![CDATA[23-01-2024T23:57:31 - [TEST_CASE][PASSED] - Test Cases/Cura Healthcare Center/TC_5 Looping: Test Cases/Cura Healthcare Center/TC_5 Looping

23-01-2024T23:57:31 - [TEST_STEP][PASSED] - callTestCase(findTestCase("Cura Healthcare Center/Login"), [:], STOP_ON_FAILURE): Call Test Case 'Test Cases/Cura Healthcare Center/Login' successfully

23-01-2024T23:57:32 - [TEST_CASE][PASSED] - Test Cases/Cura Healthcare Center/Login: Test Cases/Cura Healthcare Center/Login

23-01-2024T23:57:32 - [TEST_STEP][PASSED] - openBrowser(""): Browser is opened with url: ''

23-01-2024T23:57:33 - [MESSAGE][INFO] - Starting 'Chrome' driver

23-01-2024T23:57:33 - [MESSAGE][INFO] - Action delay is set to 0 milliseconds

23-01-2024T23:57:36 - [MESSAGE][PASSED] - Browser is opened with url: ''

23-01-2024T23:57:36 - [TEST_STEP][PASSED] - navigateToUrl("https://katalon-demo-cura.herokuapp.com/"): Navigate to 'https://katalon-demo-cura.herokuapp.com/' successfully

23-01-2024T23:57:39 - [MESSAGE][PASSED] - Navigate to 'https://katalon-demo-cura.herokuapp.com/' successfully

23-01-2024T23:57:39 - [TEST_STEP][PASSED] - click(findTestObject("Object Repository/Web Testing/Page_CURA Healthcare Service/a_Make Appointment")): Object: 'Object Repository/Web Testing/Page_CURA Healthcare Service/a_Make Appointment' is clicked on

23-01-2024T23:57:41 - [MESSAGE][PASSED] - Object: 'Object Repository/Web Testing/Page_CURA Healthcare Service/a_Make Appointment' is clicked on

23-01-2024T23:57:41 - [TEST_STEP][PASSED] - setText(findTestObject("Object Repository/Web Testing/Page_CURA Healthcare Service/input_username"), "John Doe"): Text 'John Doe' is set on object 'Object Repository/Web Testing/Page_CURA Healthcare Service/input_username'

23-01-2024T23:57:42 - [MESSAGE][PASSED] - Text 'John Doe' is set on object 'Object Repository/Web Testing/Page_CURA Healthcare Service/input_username'

23-01-2024T23:57:42 - [TEST_STEP][PASSED] - setEncryptedText(findTestObject("Object Repository/Web Testing/Page_CURA Healthcare Service/input_password"), "g3/DOGG74jC3Flrr3yH+3D/yKbOqqUNM"): Text ****** has been set on object 'Object Repository/Web Testing/Page_CURA Healthcare Service/input_password'

23-01-2024T23:57:43 - [MESSAGE][PASSED] - Text ****** has been set on object 'Object Repository/Web Testing/Page_CURA Healthcare Service/input_password'

23-01-2024T23:57:43 - [TEST_STEP][PASSED] - takeScreenshotAsCheckpoint("cek"): Taking screenshot successfully

23-01-2024T23:57:43 - [MESSAGE][INFO] - 0 hidden object(s)

23-01-2024T23:57:43 - [MESSAGE][PASSED] - Taking screenshot successfully
[[ATTACHMENT|keyes\keyes-cek.png]]

23-01-2024T23:57:43 - [TEST_STEP][PASSED] - click(findTestObject("Object Repository/Web Testing/Page_CURA Healthcare Service/button_Login")): Object: 'Object Repository/Web Testing/Page_CURA Healthcare Service/button_Login' is clicked on

23-01-2024T23:57:45 - [MESSAGE][PASSED] - Object: 'Object Repository/Web Testing/Page_CURA Healthcare Service/button_Login' is clicked on

23-01-2024T23:57:45 - [MESSAGE][PASSED] - Call Test Case 'Test Cases/Cura Healthcare Center/Login' successfully

23-01-2024T23:57:45 - [TEST_STEP][PASSED] - for (def n : (0..2)): Object: 'Object Repository/Page_CURA Healthcare Service/Page_CURA Healthcare Service/a_Go to Homepage' is clicked on

23-01-2024T23:57:45 - [TEST_STEP][PASSED] - selectOptionByValue(findTestObject("Object Repository/Page_CURA Healthcare Service/Page_CURA Healthcare Service/select_Tokyo CURA Healthcare Center        _5b4107"), "Hongkong CURA Healthcare Center", true): All options with value 'Hongkong CURA Healthcare Center' are selected in object 'Object Repository/Page_CURA Healthcare Service/Page_CURA Healthcare Service/select_Tokyo CURA Healthcare Center        _5b4107'  using regular expression

23-01-2024T23:57:46 - [MESSAGE][PASSED] - All options with value 'Hongkong CURA Healthcare Center' are selected in object 'Object Repository/Page_CURA Healthcare Service/Page_CURA Healthcare Service/select_Tokyo CURA Healthcare Center        _5b4107'  using regular expression

23-01-2024T23:57:46 - [TEST_STEP][PASSED] - click(findTestObject("Page_CURA Healthcare Service/input_hospital_readmission")): Object: 'Object Repository/Page_CURA Healthcare Service/input_hospital_readmission' is clicked on

23-01-2024T23:57:47 - [MESSAGE][PASSED] - Object: 'Object Repository/Page_CURA Healthcare Service/input_hospital_readmission' is clicked on

23-01-2024T23:57:47 - [TEST_STEP][PASSED] - if (n == 0): Taking screenshot successfully

23-01-2024T23:57:47 - [TEST_STEP][PASSED] - click(findTestObject("Baru/Page_CURA Healthcare Service/input_Medicare_programs")): Object: 'Object Repository/Baru/Page_CURA Healthcare Service/input_Medicare_programs' is clicked on

23-01-2024T23:57:47 - [MESSAGE][PASSED] - Object: 'Object Repository/Baru/Page_CURA Healthcare Service/input_Medicare_programs' is clicked on

23-01-2024T23:57:47 - [TEST_STEP][PASSED] - takeScreenshotAsCheckpoint("Medicare"): Taking screenshot successfully

23-01-2024T23:57:48 - [MESSAGE][INFO] - 0 hidden object(s)

23-01-2024T23:57:48 - [MESSAGE][PASSED] - Taking screenshot successfully
[[ATTACHMENT|keyes\keyes-Medicare.png]]

23-01-2024T23:57:48 - [TEST_STEP][PASSED] - click(findTestObject("Object Repository/Page_CURA Healthcare Service/Page_CURA Healthcare Service/input_Visit Date (Required)_visit_date")): Object: 'Object Repository/Page_CURA Healthcare Service/Page_CURA Healthcare Service/input_Visit Date (Required)_visit_date' is clicked on

23-01-2024T23:57:48 - [MESSAGE][PASSED] - Object: 'Object Repository/Page_CURA Healthcare Service/Page_CURA Healthcare Service/input_Visit Date (Required)_visit_date' is clicked on

23-01-2024T23:57:48 - [TEST_STEP][PASSED] - click(findTestObject("Object Repository/Page_CURA Healthcare Service/Page_CURA Healthcare Service/td_31")): Object: 'Object Repository/Page_CURA Healthcare Service/Page_CURA Healthcare Service/td_31' is clicked on

23-01-2024T23:57:49 - [MESSAGE][PASSED] - Object: 'Object Repository/Page_CURA Healthcare Service/Page_CURA Healthcare Service/td_31' is clicked on

23-01-2024T23:57:49 - [TEST_STEP][PASSED] - setText(findTestObject("Object Repository/Page_CURA Healthcare Service/Page_CURA Healthcare Service/textarea_Comment_comment"), "1234567890"): Text '1234567890' is set on object 'Object Repository/Page_CURA Healthcare Service/Page_CURA Healthcare Service/textarea_Comment_comment'

23-01-2024T23:57:50 - [MESSAGE][PASSED] - Text '1234567890' is set on object 'Object Repository/Page_CURA Healthcare Service/Page_CURA Healthcare Service/textarea_Comment_comment'

23-01-2024T23:57:50 - [TEST_STEP][PASSED] - click(findTestObject("Object Repository/Page_CURA Healthcare Service/Page_CURA Healthcare Service/button_Book Appointment")): Object: 'Object Repository/Page_CURA Healthcare Service/Page_CURA Healthcare Service/button_Book Appointment' is clicked on

23-01-2024T23:57:51 - [MESSAGE][PASSED] - Object: 'Object Repository/Page_CURA Healthcare Service/Page_CURA Healthcare Service/button_Book Appointment' is clicked on

23-01-2024T23:57:51 - [TEST_STEP][PASSED] - takeScreenshotAsCheckpoint("ss"): Taking screenshot successfully

23-01-2024T23:57:52 - [MESSAGE][INFO] - 0 hidden object(s)

23-01-2024T23:57:52 - [MESSAGE][PASSED] - Taking screenshot successfully
[[ATTACHMENT|keyes\keyes-ss.png]]

23-01-2024T23:57:52 - [TEST_STEP][PASSED] - click(findTestObject("Object Repository/Page_CURA Healthcare Service/Page_CURA Healthcare Service/a_Go to Homepage")): Object: 'Object Repository/Page_CURA Healthcare Service/Page_CURA Healthcare Service/a_Go to Homepage' is clicked on

23-01-2024T23:58:23 - [MESSAGE][INFO] - Unable to find the element located by 'By.xpath: //section[@id='history']/div/div[3]/p/a'. Please recheck the objects properties to make sure the desired element is located. 

23-01-2024T23:58:23 - [MESSAGE][WARNING] - [SELF-HEALING] Failed to find element with id 'Object Repository/Page_CURA Healthcare Service/Page_CURA Healthcare Service/a_Go to Homepage'. Try using Self-healing.

23-01-2024T23:58:23 - [MESSAGE][WARNING] - [SELF-HEALING] The current locator of test object 'Object Repository/Page_CURA Healthcare Service/Page_CURA Healthcare Service/a_Go to Homepage' was broken. Propose an alternative one: '//a[contains(text(),'Go to Homepage')]'.

23-01-2024T23:58:24 - [MESSAGE][PASSED] - Object: 'Object Repository/Page_CURA Healthcare Service/Page_CURA Healthcare Service/a_Go to Homepage' is clicked on

23-01-2024T23:58:24 - [TEST_STEP][PASSED] - selectOptionByValue(findTestObject("Object Repository/Page_CURA Healthcare Service/Page_CURA Healthcare Service/select_Tokyo CURA Healthcare Center        _5b4107"), "Hongkong CURA Healthcare Center", true): All options with value 'Hongkong CURA Healthcare Center' are selected in object 'Object Repository/Page_CURA Healthcare Service/Page_CURA Healthcare Service/select_Tokyo CURA Healthcare Center        _5b4107'  using regular expression

23-01-2024T23:58:25 - [MESSAGE][PASSED] - All options with value 'Hongkong CURA Healthcare Center' are selected in object 'Object Repository/Page_CURA Healthcare Service/Page_CURA Healthcare Service/select_Tokyo CURA Healthcare Center        _5b4107'  using regular expression

23-01-2024T23:58:25 - [TEST_STEP][PASSED] - click(findTestObject("Page_CURA Healthcare Service/input_hospital_readmission")): Object: 'Object Repository/Page_CURA Healthcare Service/input_hospital_readmission' is clicked on

23-01-2024T23:58:26 - [MESSAGE][PASSED] - Object: 'Object Repository/Page_CURA Healthcare Service/input_hospital_readmission' is clicked on

23-01-2024T23:58:26 - [TEST_STEP][PASSED] - if (n == 0): null

23-01-2024T23:58:26 - [TEST_STEP][PASSED] - else if (n == 1): Taking screenshot successfully

23-01-2024T23:58:26 - [TEST_STEP][PASSED] - click(findTestObject("Baru/Page_CURA Healthcare Service/input_Medicaid_programs")): Object: 'Object Repository/Baru/Page_CURA Healthcare Service/input_Medicaid_programs' is clicked on

23-01-2024T23:58:26 - [MESSAGE][PASSED] - Object: 'Object Repository/Baru/Page_CURA Healthcare Service/input_Medicaid_programs' is clicked on

23-01-2024T23:58:26 - [TEST_STEP][PASSED] - takeScreenshotAsCheckpoint("Medicaid"): Taking screenshot successfully

23-01-2024T23:58:27 - [MESSAGE][INFO] - 0 hidden object(s)

23-01-2024T23:58:27 - [MESSAGE][PASSED] - Taking screenshot successfully
[[ATTACHMENT|keyes\keyes-Medicaid.png]]

23-01-2024T23:58:27 - [TEST_STEP][PASSED] - click(findTestObject("Object Repository/Page_CURA Healthcare Service/Page_CURA Healthcare Service/input_Visit Date (Required)_visit_date")): Object: 'Object Repository/Page_CURA Healthcare Service/Page_CURA Healthcare Service/input_Visit Date (Required)_visit_date' is clicked on

23-01-2024T23:58:27 - [MESSAGE][PASSED] - Object: 'Object Repository/Page_CURA Healthcare Service/Page_CURA Healthcare Service/input_Visit Date (Required)_visit_date' is clicked on

23-01-2024T23:58:27 - [TEST_STEP][PASSED] - click(findTestObject("Object Repository/Page_CURA Healthcare Service/Page_CURA Healthcare Service/td_31")): Object: 'Object Repository/Page_CURA Healthcare Service/Page_CURA Healthcare Service/td_31' is clicked on

23-01-2024T23:58:28 - [MESSAGE][PASSED] - Object: 'Object Repository/Page_CURA Healthcare Service/Page_CURA Healthcare Service/td_31' is clicked on

23-01-2024T23:58:28 - [TEST_STEP][PASSED] - setText(findTestObject("Object Repository/Page_CURA Healthcare Service/Page_CURA Healthcare Service/textarea_Comment_comment"), "1234567890"): Text '1234567890' is set on object 'Object Repository/Page_CURA Healthcare Service/Page_CURA Healthcare Service/textarea_Comment_comment'

23-01-2024T23:58:29 - [MESSAGE][PASSED] - Text '1234567890' is set on object 'Object Repository/Page_CURA Healthcare Service/Page_CURA Healthcare Service/textarea_Comment_comment'

23-01-2024T23:58:29 - [TEST_STEP][PASSED] - click(findTestObject("Object Repository/Page_CURA Healthcare Service/Page_CURA Healthcare Service/button_Book Appointment")): Object: 'Object Repository/Page_CURA Healthcare Service/Page_CURA Healthcare Service/button_Book Appointment' is clicked on

23-01-2024T23:58:30 - [MESSAGE][PASSED] - Object: 'Object Repository/Page_CURA Healthcare Service/Page_CURA Healthcare Service/button_Book Appointment' is clicked on

23-01-2024T23:58:30 - [TEST_STEP][PASSED] - takeScreenshotAsCheckpoint("ss"): Taking screenshot successfully

23-01-2024T23:58:31 - [MESSAGE][INFO] - 0 hidden object(s)

23-01-2024T23:58:31 - [MESSAGE][PASSED] - Taking screenshot successfully
[[ATTACHMENT|keyes\keyes-ss.png]]

23-01-2024T23:58:31 - [TEST_STEP][PASSED] - click(findTestObject("Object Repository/Page_CURA Healthcare Service/Page_CURA Healthcare Service/a_Go to Homepage")): Object: 'Object Repository/Page_CURA Healthcare Service/Page_CURA Healthcare Service/a_Go to Homepage' is clicked on

23-01-2024T23:59:02 - [MESSAGE][INFO] - Unable to find the element located by 'By.xpath: //section[@id='history']/div/div[3]/p/a'. Please recheck the objects properties to make sure the desired element is located. 

23-01-2024T23:59:02 - [MESSAGE][WARNING] - [SELF-HEALING] Failed to find element with id 'Object Repository/Page_CURA Healthcare Service/Page_CURA Healthcare Service/a_Go to Homepage'. Try using Self-healing.

23-01-2024T23:59:03 - [MESSAGE][WARNING] - [SELF-HEALING] The current locator of test object 'Object Repository/Page_CURA Healthcare Service/Page_CURA Healthcare Service/a_Go to Homepage' was broken. Propose an alternative one: '//a[contains(text(),'Go to Homepage')]'.

23-01-2024T23:59:03 - [MESSAGE][PASSED] - Object: 'Object Repository/Page_CURA Healthcare Service/Page_CURA Healthcare Service/a_Go to Homepage' is clicked on

23-01-2024T23:59:03 - [TEST_STEP][PASSED] - selectOptionByValue(findTestObject("Object Repository/Page_CURA Healthcare Service/Page_CURA Healthcare Service/select_Tokyo CURA Healthcare Center        _5b4107"), "Hongkong CURA Healthcare Center", true): All options with value 'Hongkong CURA Healthcare Center' are selected in object 'Object Repository/Page_CURA Healthcare Service/Page_CURA Healthcare Service/select_Tokyo CURA Healthcare Center        _5b4107'  using regular expression

23-01-2024T23:59:05 - [MESSAGE][PASSED] - All options with value 'Hongkong CURA Healthcare Center' are selected in object 'Object Repository/Page_CURA Healthcare Service/Page_CURA Healthcare Service/select_Tokyo CURA Healthcare Center        _5b4107'  using regular expression

23-01-2024T23:59:05 - [TEST_STEP][PASSED] - click(findTestObject("Page_CURA Healthcare Service/input_hospital_readmission")): Object: 'Object Repository/Page_CURA Healthcare Service/input_hospital_readmission' is clicked on

23-01-2024T23:59:05 - [MESSAGE][PASSED] - Object: 'Object Repository/Page_CURA Healthcare Service/input_hospital_readmission' is clicked on

23-01-2024T23:59:05 - [TEST_STEP][PASSED] - if (n == 0): null

23-01-2024T23:59:05 - [TEST_STEP][PASSED] - else if (n == 1): null

23-01-2024T23:59:05 - [TEST_STEP][PASSED] - else: Taking screenshot successfully

23-01-2024T23:59:05 - [TEST_STEP][PASSED] - click(findTestObject("Baru/Page_CURA Healthcare Service/input_None_programs")): Object: 'Object Repository/Baru/Page_CURA Healthcare Service/input_None_programs' is clicked on

23-01-2024T23:59:06 - [MESSAGE][PASSED] - Object: 'Object Repository/Baru/Page_CURA Healthcare Service/input_None_programs' is clicked on

23-01-2024T23:59:06 - [TEST_STEP][PASSED] - takeScreenshotAsCheckpoint("None"): Taking screenshot successfully

23-01-2024T23:59:06 - [MESSAGE][INFO] - 0 hidden object(s)

23-01-2024T23:59:06 - [MESSAGE][PASSED] - Taking screenshot successfully
[[ATTACHMENT|keyes\keyes-None.png]]

23-01-2024T23:59:06 - [TEST_STEP][PASSED] - click(findTestObject("Object Repository/Page_CURA Healthcare Service/Page_CURA Healthcare Service/input_Visit Date (Required)_visit_date")): Object: 'Object Repository/Page_CURA Healthcare Service/Page_CURA Healthcare Service/input_Visit Date (Required)_visit_date' is clicked on

23-01-2024T23:59:07 - [MESSAGE][PASSED] - Object: 'Object Repository/Page_CURA Healthcare Service/Page_CURA Healthcare Service/input_Visit Date (Required)_visit_date' is clicked on

23-01-2024T23:59:07 - [TEST_STEP][PASSED] - click(findTestObject("Object Repository/Page_CURA Healthcare Service/Page_CURA Healthcare Service/td_31")): Object: 'Object Repository/Page_CURA Healthcare Service/Page_CURA Healthcare Service/td_31' is clicked on

23-01-2024T23:59:07 - [MESSAGE][PASSED] - Object: 'Object Repository/Page_CURA Healthcare Service/Page_CURA Healthcare Service/td_31' is clicked on

23-01-2024T23:59:07 - [TEST_STEP][PASSED] - setText(findTestObject("Object Repository/Page_CURA Healthcare Service/Page_CURA Healthcare Service/textarea_Comment_comment"), "1234567890"): Text '1234567890' is set on object 'Object Repository/Page_CURA Healthcare Service/Page_CURA Healthcare Service/textarea_Comment_comment'

23-01-2024T23:59:08 - [MESSAGE][PASSED] - Text '1234567890' is set on object 'Object Repository/Page_CURA Healthcare Service/Page_CURA Healthcare Service/textarea_Comment_comment'

23-01-2024T23:59:08 - [TEST_STEP][PASSED] - click(findTestObject("Object Repository/Page_CURA Healthcare Service/Page_CURA Healthcare Service/button_Book Appointment")): Object: 'Object Repository/Page_CURA Healthcare Service/Page_CURA Healthcare Service/button_Book Appointment' is clicked on

23-01-2024T23:59:10 - [MESSAGE][PASSED] - Object: 'Object Repository/Page_CURA Healthcare Service/Page_CURA Healthcare Service/button_Book Appointment' is clicked on

23-01-2024T23:59:10 - [TEST_STEP][PASSED] - takeScreenshotAsCheckpoint("ss"): Taking screenshot successfully

23-01-2024T23:59:10 - [MESSAGE][INFO] - 0 hidden object(s)

23-01-2024T23:59:10 - [MESSAGE][PASSED] - Taking screenshot successfully
[[ATTACHMENT|keyes\keyes-ss.png]]

23-01-2024T23:59:10 - [TEST_STEP][PASSED] - click(findTestObject("Object Repository/Page_CURA Healthcare Service/Page_CURA Healthcare Service/a_Go to Homepage")): Object: 'Object Repository/Page_CURA Healthcare Service/Page_CURA Healthcare Service/a_Go to Homepage' is clicked on

23-01-2024T23:59:41 - [MESSAGE][INFO] - Unable to find the element located by 'By.xpath: //section[@id='history']/div/div[3]/p/a'. Please recheck the objects properties to make sure the desired element is located. 

23-01-2024T23:59:41 - [MESSAGE][WARNING] - [SELF-HEALING] Failed to find element with id 'Object Repository/Page_CURA Healthcare Service/Page_CURA Healthcare Service/a_Go to Homepage'. Try using Self-healing.

23-01-2024T23:59:42 - [MESSAGE][WARNING] - [SELF-HEALING] The current locator of test object 'Object Repository/Page_CURA Healthcare Service/Page_CURA Healthcare Service/a_Go to Homepage' was broken. Propose an alternative one: '//a[contains(text(),'Go to Homepage')]'.

23-01-2024T23:59:42 - [MESSAGE][PASSED] - Object: 'Object Repository/Page_CURA Healthcare Service/Page_CURA Healthcare Service/a_Go to Homepage' is clicked on

23-01-2024T23:59:42 - [TEST_STEP][PASSED] - closeBrowser(): Browser is closed

23-01-2024T23:59:43 - [MESSAGE][PASSED] - Browser is closed]]></system-out>
         <system-err><![CDATA[]]></system-err>
      </testcase>
      <system-out><![CDATA[23-01-2024T23:57:30 - [TEST_SUITE][PASSED] - Looping: Test Cases/Cura Healthcare Center/TC_5 Looping]]></system-out>
      <system-err><![CDATA[]]></system-err>
   </testsuite>
</testsuites>
