<?xml version="1.0" encoding="UTF-8"?>
<testsuites name="Appointment" time="13.552" tests="1" failures="0" errors="0">
   <testsuite name="Appointment" tests="1" failures="0" errors="0" time="13.552" skipped="0" timestamp="23-01-2024T16:36:02" hostname="0767 - DESKTOP-SQ56SGT" id="Test Suites/Test Suites/Appointment">
      <properties>
         <property name="deviceName" value=""/>
         <property name="devicePlatform" value=""/>
         <property name="logFolder" value="C:\\Users\\0767\\Katalon Studio\\ProjectIGLO\\Reports\\20240123_163532\\Test Suites\\Appointment\\20240123_163532"/>
         <property name="logFiles" value="C:\\Users\\0767\\Katalon Studio\\ProjectIGLO\\Reports\\20240123_163532\\Test Suites\\Appointment\\20240123_163532\\execution0.log"/>
         <property name="attachments" value="keyes\keyes-cek.png"/>
         <property name="hostName" value="0767 - DESKTOP-SQ56SGT"/>
         <property name="os" value="Windows 10 64bit"/>
         <property name="katalonVersion" value="9.2.0.212"/>
         <property name="browser" value="Chrome 120.0.0.0"/>
         <property name="hostAddress" value="192.168.78.2"/>
         <property name="sessionId" value="7c197323c028da3f506c1e0243dec7d2"/>
         <property name="seleniumVersion" value="3.141.59"/>
         <property name="proxyInformation" value="ProxyInformation { proxyOption=NO_PROXY, proxyServerType=HTTP, username=, password=********, proxyServerAddress=, proxyServerPort=0, executionList=&quot;&quot;, isApplyToDesiredCapabilities=true }"/>
         <property name="platform" value="Windows 10"/>
      </properties>
      <testcase name="Test Cases/Cura Healthcare Center/Login" time="13.081" classname="Test Cases/Cura Healthcare Center/Login" status="PASSED">
         <system-out><![CDATA[23-01-2024T16:36:03 - [TEST_CASE][PASSED] - Test Cases/Cura Healthcare Center/Login: Test Cases/Cura Healthcare Center/Login

23-01-2024T16:36:03 - [TEST_STEP][PASSED] - openBrowser(""): Browser is opened with url: ''

23-01-2024T16:36:04 - [MESSAGE][INFO] - Starting 'Chrome' driver

23-01-2024T16:36:04 - [MESSAGE][INFO] - Action delay is set to 0 milliseconds

23-01-2024T16:36:07 - [MESSAGE][PASSED] - Browser is opened with url: ''

23-01-2024T16:36:07 - [TEST_STEP][PASSED] - navigateToUrl("https://katalon-demo-cura.herokuapp.com/"): Navigate to 'https://katalon-demo-cura.herokuapp.com/' successfully

23-01-2024T16:36:11 - [MESSAGE][PASSED] - Navigate to 'https://katalon-demo-cura.herokuapp.com/' successfully

23-01-2024T16:36:11 - [TEST_STEP][PASSED] - click(findTestObject("Object Repository/Web Testing/Page_CURA Healthcare Service/a_Make Appointment")): Object: 'Object Repository/Web Testing/Page_CURA Healthcare Service/a_Make Appointment' is clicked on

23-01-2024T16:36:12 - [MESSAGE][PASSED] - Object: 'Object Repository/Web Testing/Page_CURA Healthcare Service/a_Make Appointment' is clicked on

23-01-2024T16:36:12 - [TEST_STEP][PASSED] - setText(findTestObject("Object Repository/Web Testing/Page_CURA Healthcare Service/input_username"), "John Doe"): Text 'John Doe' is set on object 'Object Repository/Web Testing/Page_CURA Healthcare Service/input_username'

23-01-2024T16:36:13 - [MESSAGE][PASSED] - Text 'John Doe' is set on object 'Object Repository/Web Testing/Page_CURA Healthcare Service/input_username'

23-01-2024T16:36:13 - [TEST_STEP][PASSED] - setEncryptedText(findTestObject("Object Repository/Web Testing/Page_CURA Healthcare Service/input_password"), "g3/DOGG74jC3Flrr3yH+3D/yKbOqqUNM"): Text ****** has been set on object 'Object Repository/Web Testing/Page_CURA Healthcare Service/input_password'

23-01-2024T16:36:13 - [MESSAGE][PASSED] - Text ****** has been set on object 'Object Repository/Web Testing/Page_CURA Healthcare Service/input_password'

23-01-2024T16:36:13 - [TEST_STEP][PASSED] - takeScreenshotAsCheckpoint("cek"): Taking screenshot successfully

23-01-2024T16:36:14 - [MESSAGE][INFO] - 0 hidden object(s)

23-01-2024T16:36:14 - [MESSAGE][PASSED] - Taking screenshot successfully
[[ATTACHMENT|keyes\keyes-cek.png]]

23-01-2024T16:36:14 - [TEST_STEP][PASSED] - click(findTestObject("Object Repository/Web Testing/Page_CURA Healthcare Service/button_Login")): Object: 'Object Repository/Web Testing/Page_CURA Healthcare Service/button_Login' is clicked on

23-01-2024T16:36:15 - [MESSAGE][PASSED] - Object: 'Object Repository/Web Testing/Page_CURA Healthcare Service/button_Login' is clicked on

23-01-2024T16:36:15 - [TEST_STEP][PASSED] - verifyElementText(findTestObject("Object Repository/Web Testing/Page_CURA Healthcare Service/h2_Make Appointment"), "Make Appointment"): Actual text and expected text of test object 'Object Repository/Web Testing/Page_CURA Healthcare Service/h2_Make Appointment' are matched.

23-01-2024T16:36:16 - [MESSAGE][PASSED] - Actual text and expected text of test object 'Object Repository/Web Testing/Page_CURA Healthcare Service/h2_Make Appointment' are matched.]]></system-out>
         <system-err><![CDATA[]]></system-err>
      </testcase>
      <system-out><![CDATA[23-01-2024T16:36:02 - [TEST_SUITE][PASSED] - Appointment: Test Cases/Cura Healthcare Center/Login]]></system-out>
      <system-err><![CDATA[]]></system-err>
   </testsuite>
</testsuites>
