<?xml version="1.0" encoding="UTF-8"?>
<testsuites name="Looping" time="434.83" tests="1" failures="0" errors="0">
   <testsuite name="Looping" tests="1" failures="0" errors="0" time="434.83" skipped="0" timestamp="24-01-2024T00:17:00" hostname="0767 - DESKTOP-SQ56SGT" id="Test Suites/Test Suites/Looping">
      <properties>
         <property name="deviceName"/>
         <property name="devicePlatform" value="WINDOWS"/>
         <property name="logFolder" value="C:\\Users\\0767\\Katalon Studio\\ProjectIGLO\\Reports\\20240124_001642\\Test Suites\\Looping\\20240124_001642"/>
         <property name="logFiles" value="C:\\Users\\0767\\Katalon Studio\\ProjectIGLO\\Reports\\20240124_001642\\Test Suites\\Looping\\20240124_001642\\execution0.log"/>
         <property name="attachments" value="keyes\keyes-cek.png, keyes\keyes-Medicare.png, keyes\keyes-Medicaid.png, keyes\keyes-None.png"/>
         <property name="hostName" value="0767 - DESKTOP-SQ56SGT"/>
         <property name="remoteDriverUrl" value="testcloud.katalon.com/hub"/>
         <property name="desiredCapabilities" value="{&#xa;  &quot;timeouts&quot;: {&#xa;    &quot;implicit&quot;: 0,&#xa;    &quot;pageLoad&quot;: 300000,&#xa;    &quot;script&quot;: 30000&#xa;  },&#xa;  &quot;platform&quot;: &quot;WINDOWS&quot;,&#xa;  &quot;goog:chromeOptions&quot;: {&#xa;    &quot;debuggerAddress&quot;: &quot;localhost:9225&quot;&#xa;  },&#xa;  &quot;requestId&quot;: &quot;1393ac56-0fbc-4f30-b88d-183ee9faaf3c&quot;,&#xa;  &quot;webauthn:extension:credBlob&quot;: true,&#xa;  &quot;acceptInsecureCerts&quot;: false,&#xa;  &quot;browserVersion&quot;: &quot;119.0.0.0&quot;,&#xa;  &quot;fedcm:accounts&quot;: true,&#xa;  &quot;browserName&quot;: &quot;chrome&quot;,&#xa;  &quot;javascriptEnabled&quot;: true,&#xa;  &quot;katalon:option&quot;: {&#xa;    &quot;unlimitedExecutionMinutes&quot;: true,&#xa;    &quot;userId&quot;: 1420960,&#xa;    &quot;organizationId&quot;: &quot;1378380&quot;,&#xa;    &quot;class&quot;: &quot;com.katalon.testcloud.grid.common.tunnel.domain.UserOptionCapability&quot;,&#xa;    &quot;runFromTestCloud&quot;: true,&#xa;    &quot;usingTunnel&quot;: false&#xa;  },&#xa;  &quot;platformName&quot;: &quot;WINDOWS&quot;,&#xa;  &quot;setWindowRect&quot;: true,&#xa;  &quot;webauthn:extension:largeBlob&quot;: true,&#xa;  &quot;networkConnectionEnabled&quot;: false,&#xa;  &quot;chrome&quot;: {&#xa;    &quot;chromedriverVersion&quot;: &quot;119.0.6045.9 (c7ec5863fa5c563b4b9057148aa2ae3f09f7994e-refs/branch-heads/6045@{#87})&quot;,&#xa;    &quot;userDataDir&quot;: &quot;C:\\Program Files (x86)\\scoped_dir880_983326150&quot;&#xa;  },&#xa;  &quot;os&quot;: &quot;windows&quot;,&#xa;  &quot;pageLoadStrategy&quot;: &quot;normal&quot;,&#xa;  &quot;unhandledPromptBehavior&quot;: &quot;dismiss and notify&quot;,&#xa;  &quot;strictFileInteractability&quot;: false,&#xa;  &quot;***:loadExtension&quot;: [&#xa;    &quot;https://prod-magicleap-user-files-us-east-1-v1.s3.amazonaws.com/extensions/orgId-691279/SmartWait.zip&quot;&#xa;  ],&#xa;  &quot;version&quot;: &quot;119&quot;,&#xa;  &quot;se:cdp&quot;: &quot;ws://172.48.66.56:4444/session/8f3aba78f00d1f1edb13105d56bbab91/se/cdp&quot;,&#xa;  &quot;proxy&quot;: {&#xa;    &quot;proxyType&quot;: &quot;DIRECT&quot;,&#xa;    &quot;autodetect&quot;: false&#xa;  },&#xa;  &quot;webauthn:extension:minPinLength&quot;: true,&#xa;  &quot;webdriver.remote.sessionid&quot;: &quot;8f3aba78f00d1f1edb13105d56bbab91&quot;,&#xa;  &quot;webauthn:extension:prf&quot;: true,&#xa;  &quot;webauthn:virtualAuthenticators&quot;: true&#xa;}"/>
         <property name="os" value="Windows 10 64bit"/>
         <property name="remoteOS" value="Windows"/>
         <property name="katalonVersion" value="9.2.0.212"/>
         <property name="browser" value="Chrome 119.0.0.0"/>
         <property name="hostAddress" value="192.168.78.2"/>
         <property name="sessionId" value="8f3aba78f00d1f1edb13105d56bbab91"/>
         <property name="seleniumVersion" value="3.141.59"/>
         <property name="proxyInformation" value="ProxyInformation { proxyOption=NO_PROXY, proxyServerType=HTTP, username=, password=********, proxyServerAddress=, proxyServerPort=0, executionList=&quot;&quot;, isApplyToDesiredCapabilities=true }"/>
         <property name="platform" value="Windows 10"/>
      </properties>
      <testcase name="Test Cases/Cura Healthcare Center/TC_5 Looping" time="434.42" classname="Test Cases/Cura Healthcare Center/TC_5 Looping" status="PASSED">
         <system-out><![CDATA[24-01-2024T00:17:00 - [TEST_CASE][PASSED] - Test Cases/Cura Healthcare Center/TC_5 Looping: Test Cases/Cura Healthcare Center/TC_5 Looping

24-01-2024T00:17:01 - [TEST_STEP][PASSED] - callTestCase(findTestCase("Cura Healthcare Center/Login"), [:], STOP_ON_FAILURE): Call Test Case 'Test Cases/Cura Healthcare Center/Login' successfully

24-01-2024T00:17:01 - [TEST_CASE][PASSED] - Test Cases/Cura Healthcare Center/Login: Test Cases/Cura Healthcare Center/Login

24-01-2024T00:17:02 - [TEST_STEP][PASSED] - openBrowser(""): Browser is opened with url: ''

24-01-2024T00:17:02 - [MESSAGE][INFO] - User set preference: ['os', 'windows']

24-01-2024T00:17:02 - [MESSAGE][INFO] - User set preference: ['browserName', 'chrome']

24-01-2024T00:17:02 - [MESSAGE][INFO] - User set preference: ['browserVersion', '119']

24-01-2024T00:17:02 - [MESSAGE][INFO] - User set preference: ['katalon:option', '{organizationId=1378380, tunnelId=, usingTunnel=false}']

24-01-2024T00:17:02 - [MESSAGE][INFO] - Connecting to remote web server 'testcloud.katalon.com/hub' with type 'Selenium'

24-01-2024T00:17:03 - [MESSAGE][INFO] - Action delay is set to 0 milliseconds

24-01-2024T00:17:52 - [MESSAGE][PASSED] - Browser is opened with url: ''

24-01-2024T00:17:52 - [TEST_STEP][PASSED] - navigateToUrl("https://katalon-demo-cura.herokuapp.com/"): Navigate to 'https://katalon-demo-cura.herokuapp.com/' successfully

24-01-2024T00:17:54 - [MESSAGE][PASSED] - Navigate to 'https://katalon-demo-cura.herokuapp.com/' successfully

24-01-2024T00:17:54 - [TEST_STEP][PASSED] - click(findTestObject("Object Repository/Web Testing/Page_CURA Healthcare Service/a_Make Appointment")): Object: 'Object Repository/Web Testing/Page_CURA Healthcare Service/a_Make Appointment' is clicked on

24-01-2024T00:18:00 - [MESSAGE][PASSED] - Object: 'Object Repository/Web Testing/Page_CURA Healthcare Service/a_Make Appointment' is clicked on

24-01-2024T00:18:00 - [TEST_STEP][PASSED] - setText(findTestObject("Object Repository/Web Testing/Page_CURA Healthcare Service/input_username"), "John Doe"): Text 'John Doe' is set on object 'Object Repository/Web Testing/Page_CURA Healthcare Service/input_username'

24-01-2024T00:18:14 - [MESSAGE][PASSED] - Text 'John Doe' is set on object 'Object Repository/Web Testing/Page_CURA Healthcare Service/input_username'

24-01-2024T00:18:14 - [TEST_STEP][PASSED] - setEncryptedText(findTestObject("Object Repository/Web Testing/Page_CURA Healthcare Service/input_password"), "g3/DOGG74jC3Flrr3yH+3D/yKbOqqUNM"): Text ****** has been set on object 'Object Repository/Web Testing/Page_CURA Healthcare Service/input_password'

24-01-2024T00:18:23 - [MESSAGE][PASSED] - Text ****** has been set on object 'Object Repository/Web Testing/Page_CURA Healthcare Service/input_password'

24-01-2024T00:18:23 - [TEST_STEP][PASSED] - takeScreenshotAsCheckpoint("cek"): Taking screenshot successfully

24-01-2024T00:18:37 - [MESSAGE][INFO] - 0 hidden object(s)

24-01-2024T00:18:38 - [MESSAGE][PASSED] - Taking screenshot successfully
[[ATTACHMENT|keyes\keyes-cek.png]]

24-01-2024T00:18:38 - [TEST_STEP][PASSED] - click(findTestObject("Object Repository/Web Testing/Page_CURA Healthcare Service/button_Login")): Object: 'Object Repository/Web Testing/Page_CURA Healthcare Service/button_Login' is clicked on

24-01-2024T00:18:45 - [MESSAGE][PASSED] - Object: 'Object Repository/Web Testing/Page_CURA Healthcare Service/button_Login' is clicked on

24-01-2024T00:18:45 - [MESSAGE][PASSED] - Call Test Case 'Test Cases/Cura Healthcare Center/Login' successfully

24-01-2024T00:18:45 - [TEST_STEP][PASSED] - for (def n : (0..2)): Object: 'Object Repository/Page_CURA Healthcare Service/Page_CURA Healthcare Service/a_Go to Homepage' is clicked on

24-01-2024T00:18:45 - [TEST_STEP][PASSED] - selectOptionByValue(findTestObject("Object Repository/Page_CURA Healthcare Service/Page_CURA Healthcare Service/select_Tokyo CURA Healthcare Center        _5b4107"), "Hongkong CURA Healthcare Center", true): All options with value 'Hongkong CURA Healthcare Center' are selected in object 'Object Repository/Page_CURA Healthcare Service/Page_CURA Healthcare Service/select_Tokyo CURA Healthcare Center        _5b4107'  using regular expression

24-01-2024T00:19:20 - [MESSAGE][PASSED] - All options with value 'Hongkong CURA Healthcare Center' are selected in object 'Object Repository/Page_CURA Healthcare Service/Page_CURA Healthcare Service/select_Tokyo CURA Healthcare Center        _5b4107'  using regular expression

24-01-2024T00:19:20 - [TEST_STEP][PASSED] - click(findTestObject("Page_CURA Healthcare Service/input_hospital_readmission")): Object: 'Object Repository/Page_CURA Healthcare Service/input_hospital_readmission' is clicked on

24-01-2024T00:19:28 - [MESSAGE][PASSED] - Object: 'Object Repository/Page_CURA Healthcare Service/input_hospital_readmission' is clicked on

24-01-2024T00:19:28 - [TEST_STEP][PASSED] - if (n == 0): Taking screenshot successfully

24-01-2024T00:19:28 - [TEST_STEP][PASSED] - click(findTestObject("Baru/Page_CURA Healthcare Service/input_Medicare_programs")): Object: 'Object Repository/Baru/Page_CURA Healthcare Service/input_Medicare_programs' is clicked on

24-01-2024T00:19:33 - [MESSAGE][PASSED] - Object: 'Object Repository/Baru/Page_CURA Healthcare Service/input_Medicare_programs' is clicked on

24-01-2024T00:19:33 - [TEST_STEP][PASSED] - takeScreenshotAsCheckpoint("Medicare"): Taking screenshot successfully

24-01-2024T00:19:41 - [MESSAGE][INFO] - 0 hidden object(s)

24-01-2024T00:19:41 - [MESSAGE][PASSED] - Taking screenshot successfully
[[ATTACHMENT|keyes\keyes-Medicare.png]]

24-01-2024T00:19:41 - [TEST_STEP][PASSED] - click(findTestObject("Object Repository/Page_CURA Healthcare Service/Page_CURA Healthcare Service/input_Visit Date (Required)_visit_date")): Object: 'Object Repository/Page_CURA Healthcare Service/Page_CURA Healthcare Service/input_Visit Date (Required)_visit_date' is clicked on

24-01-2024T00:19:45 - [MESSAGE][PASSED] - Object: 'Object Repository/Page_CURA Healthcare Service/Page_CURA Healthcare Service/input_Visit Date (Required)_visit_date' is clicked on

24-01-2024T00:19:45 - [TEST_STEP][PASSED] - click(findTestObject("Object Repository/Page_CURA Healthcare Service/Page_CURA Healthcare Service/td_31")): Object: 'Object Repository/Page_CURA Healthcare Service/Page_CURA Healthcare Service/td_31' is clicked on

24-01-2024T00:19:49 - [MESSAGE][PASSED] - Object: 'Object Repository/Page_CURA Healthcare Service/Page_CURA Healthcare Service/td_31' is clicked on

24-01-2024T00:19:49 - [TEST_STEP][PASSED] - setText(findTestObject("Object Repository/Page_CURA Healthcare Service/Page_CURA Healthcare Service/textarea_Comment_comment"), "1234567890"): Text '1234567890' is set on object 'Object Repository/Page_CURA Healthcare Service/Page_CURA Healthcare Service/textarea_Comment_comment'

24-01-2024T00:19:58 - [MESSAGE][PASSED] - Text '1234567890' is set on object 'Object Repository/Page_CURA Healthcare Service/Page_CURA Healthcare Service/textarea_Comment_comment'

24-01-2024T00:19:58 - [TEST_STEP][PASSED] - click(findTestObject("Object Repository/Page_CURA Healthcare Service/Page_CURA Healthcare Service/button_Book Appointment")): Object: 'Object Repository/Page_CURA Healthcare Service/Page_CURA Healthcare Service/button_Book Appointment' is clicked on

24-01-2024T00:20:02 - [MESSAGE][PASSED] - Object: 'Object Repository/Page_CURA Healthcare Service/Page_CURA Healthcare Service/button_Book Appointment' is clicked on

24-01-2024T00:20:02 - [TEST_STEP][PASSED] - click(findTestObject("Object Repository/Page_CURA Healthcare Service/Page_CURA Healthcare Service/a_Go to Homepage")): Object: 'Object Repository/Page_CURA Healthcare Service/Page_CURA Healthcare Service/a_Go to Homepage' is clicked on

24-01-2024T00:20:35 - [MESSAGE][INFO] - Unable to find the element located by 'By.xpath: //section[@id='history']/div/div[3]/p/a'. Please recheck the objects properties to make sure the desired element is located. 

24-01-2024T00:20:35 - [MESSAGE][WARNING] - [SELF-HEALING] Failed to find element with id 'Object Repository/Page_CURA Healthcare Service/Page_CURA Healthcare Service/a_Go to Homepage'. Try using Self-healing.

24-01-2024T00:20:38 - [MESSAGE][WARNING] - [SELF-HEALING] The current locator of test object 'Object Repository/Page_CURA Healthcare Service/Page_CURA Healthcare Service/a_Go to Homepage' was broken. Propose an alternative one: '//a[contains(text(),'Go to Homepage')]'.

24-01-2024T00:20:39 - [MESSAGE][PASSED] - Object: 'Object Repository/Page_CURA Healthcare Service/Page_CURA Healthcare Service/a_Go to Homepage' is clicked on

24-01-2024T00:20:39 - [TEST_STEP][PASSED] - selectOptionByValue(findTestObject("Object Repository/Page_CURA Healthcare Service/Page_CURA Healthcare Service/select_Tokyo CURA Healthcare Center        _5b4107"), "Hongkong CURA Healthcare Center", true): All options with value 'Hongkong CURA Healthcare Center' are selected in object 'Object Repository/Page_CURA Healthcare Service/Page_CURA Healthcare Service/select_Tokyo CURA Healthcare Center        _5b4107'  using regular expression

24-01-2024T00:21:04 - [MESSAGE][PASSED] - All options with value 'Hongkong CURA Healthcare Center' are selected in object 'Object Repository/Page_CURA Healthcare Service/Page_CURA Healthcare Service/select_Tokyo CURA Healthcare Center        _5b4107'  using regular expression

24-01-2024T00:21:04 - [TEST_STEP][PASSED] - click(findTestObject("Page_CURA Healthcare Service/input_hospital_readmission")): Object: 'Object Repository/Page_CURA Healthcare Service/input_hospital_readmission' is clicked on

24-01-2024T00:21:08 - [MESSAGE][PASSED] - Object: 'Object Repository/Page_CURA Healthcare Service/input_hospital_readmission' is clicked on

24-01-2024T00:21:08 - [TEST_STEP][PASSED] - if (n == 0): null

24-01-2024T00:21:08 - [TEST_STEP][PASSED] - else if (n == 1): Taking screenshot successfully

24-01-2024T00:21:08 - [TEST_STEP][PASSED] - click(findTestObject("Baru/Page_CURA Healthcare Service/input_Medicaid_programs")): Object: 'Object Repository/Baru/Page_CURA Healthcare Service/input_Medicaid_programs' is clicked on

24-01-2024T00:21:12 - [MESSAGE][PASSED] - Object: 'Object Repository/Baru/Page_CURA Healthcare Service/input_Medicaid_programs' is clicked on

24-01-2024T00:21:12 - [TEST_STEP][PASSED] - takeScreenshotAsCheckpoint("Medicaid"): Taking screenshot successfully

24-01-2024T00:21:27 - [MESSAGE][INFO] - 0 hidden object(s)

24-01-2024T00:21:27 - [MESSAGE][PASSED] - Taking screenshot successfully
[[ATTACHMENT|keyes\keyes-Medicaid.png]]

24-01-2024T00:21:27 - [TEST_STEP][PASSED] - click(findTestObject("Object Repository/Page_CURA Healthcare Service/Page_CURA Healthcare Service/input_Visit Date (Required)_visit_date")): Object: 'Object Repository/Page_CURA Healthcare Service/Page_CURA Healthcare Service/input_Visit Date (Required)_visit_date' is clicked on

24-01-2024T00:21:32 - [MESSAGE][PASSED] - Object: 'Object Repository/Page_CURA Healthcare Service/Page_CURA Healthcare Service/input_Visit Date (Required)_visit_date' is clicked on

24-01-2024T00:21:32 - [TEST_STEP][PASSED] - click(findTestObject("Object Repository/Page_CURA Healthcare Service/Page_CURA Healthcare Service/td_31")): Object: 'Object Repository/Page_CURA Healthcare Service/Page_CURA Healthcare Service/td_31' is clicked on

24-01-2024T00:21:36 - [MESSAGE][PASSED] - Object: 'Object Repository/Page_CURA Healthcare Service/Page_CURA Healthcare Service/td_31' is clicked on

24-01-2024T00:21:36 - [TEST_STEP][PASSED] - setText(findTestObject("Object Repository/Page_CURA Healthcare Service/Page_CURA Healthcare Service/textarea_Comment_comment"), "1234567890"): Text '1234567890' is set on object 'Object Repository/Page_CURA Healthcare Service/Page_CURA Healthcare Service/textarea_Comment_comment'

24-01-2024T00:21:44 - [MESSAGE][PASSED] - Text '1234567890' is set on object 'Object Repository/Page_CURA Healthcare Service/Page_CURA Healthcare Service/textarea_Comment_comment'

24-01-2024T00:21:44 - [TEST_STEP][PASSED] - click(findTestObject("Object Repository/Page_CURA Healthcare Service/Page_CURA Healthcare Service/button_Book Appointment")): Object: 'Object Repository/Page_CURA Healthcare Service/Page_CURA Healthcare Service/button_Book Appointment' is clicked on

24-01-2024T00:21:48 - [MESSAGE][PASSED] - Object: 'Object Repository/Page_CURA Healthcare Service/Page_CURA Healthcare Service/button_Book Appointment' is clicked on

24-01-2024T00:21:48 - [TEST_STEP][PASSED] - click(findTestObject("Object Repository/Page_CURA Healthcare Service/Page_CURA Healthcare Service/a_Go to Homepage")): Object: 'Object Repository/Page_CURA Healthcare Service/Page_CURA Healthcare Service/a_Go to Homepage' is clicked on

24-01-2024T00:22:20 - [MESSAGE][INFO] - Unable to find the element located by 'By.xpath: //section[@id='history']/div/div[3]/p/a'. Please recheck the objects properties to make sure the desired element is located. 

24-01-2024T00:22:20 - [MESSAGE][WARNING] - [SELF-HEALING] Failed to find element with id 'Object Repository/Page_CURA Healthcare Service/Page_CURA Healthcare Service/a_Go to Homepage'. Try using Self-healing.

24-01-2024T00:22:23 - [MESSAGE][WARNING] - [SELF-HEALING] The current locator of test object 'Object Repository/Page_CURA Healthcare Service/Page_CURA Healthcare Service/a_Go to Homepage' was broken. Propose an alternative one: '//a[contains(text(),'Go to Homepage')]'.

24-01-2024T00:22:24 - [MESSAGE][PASSED] - Object: 'Object Repository/Page_CURA Healthcare Service/Page_CURA Healthcare Service/a_Go to Homepage' is clicked on

24-01-2024T00:22:24 - [TEST_STEP][PASSED] - selectOptionByValue(findTestObject("Object Repository/Page_CURA Healthcare Service/Page_CURA Healthcare Service/select_Tokyo CURA Healthcare Center        _5b4107"), "Hongkong CURA Healthcare Center", true): All options with value 'Hongkong CURA Healthcare Center' are selected in object 'Object Repository/Page_CURA Healthcare Service/Page_CURA Healthcare Service/select_Tokyo CURA Healthcare Center        _5b4107'  using regular expression

24-01-2024T00:22:48 - [MESSAGE][PASSED] - All options with value 'Hongkong CURA Healthcare Center' are selected in object 'Object Repository/Page_CURA Healthcare Service/Page_CURA Healthcare Service/select_Tokyo CURA Healthcare Center        _5b4107'  using regular expression

24-01-2024T00:22:48 - [TEST_STEP][PASSED] - click(findTestObject("Page_CURA Healthcare Service/input_hospital_readmission")): Object: 'Object Repository/Page_CURA Healthcare Service/input_hospital_readmission' is clicked on

24-01-2024T00:22:52 - [MESSAGE][PASSED] - Object: 'Object Repository/Page_CURA Healthcare Service/input_hospital_readmission' is clicked on

24-01-2024T00:22:52 - [TEST_STEP][PASSED] - if (n == 0): null

24-01-2024T00:22:52 - [TEST_STEP][PASSED] - else if (n == 1): null

24-01-2024T00:22:52 - [TEST_STEP][PASSED] - else: Taking screenshot successfully

24-01-2024T00:22:52 - [TEST_STEP][PASSED] - click(findTestObject("Baru/Page_CURA Healthcare Service/input_None_programs")): Object: 'Object Repository/Baru/Page_CURA Healthcare Service/input_None_programs' is clicked on

24-01-2024T00:22:56 - [MESSAGE][PASSED] - Object: 'Object Repository/Baru/Page_CURA Healthcare Service/input_None_programs' is clicked on

24-01-2024T00:22:56 - [TEST_STEP][PASSED] - takeScreenshotAsCheckpoint("None"): Taking screenshot successfully

24-01-2024T00:23:14 - [MESSAGE][INFO] - 0 hidden object(s)

24-01-2024T00:23:15 - [MESSAGE][PASSED] - Taking screenshot successfully
[[ATTACHMENT|keyes\keyes-None.png]]

24-01-2024T00:23:15 - [TEST_STEP][PASSED] - click(findTestObject("Object Repository/Page_CURA Healthcare Service/Page_CURA Healthcare Service/input_Visit Date (Required)_visit_date")): Object: 'Object Repository/Page_CURA Healthcare Service/Page_CURA Healthcare Service/input_Visit Date (Required)_visit_date' is clicked on

24-01-2024T00:23:19 - [MESSAGE][PASSED] - Object: 'Object Repository/Page_CURA Healthcare Service/Page_CURA Healthcare Service/input_Visit Date (Required)_visit_date' is clicked on

24-01-2024T00:23:19 - [TEST_STEP][PASSED] - click(findTestObject("Object Repository/Page_CURA Healthcare Service/Page_CURA Healthcare Service/td_31")): Object: 'Object Repository/Page_CURA Healthcare Service/Page_CURA Healthcare Service/td_31' is clicked on

24-01-2024T00:23:23 - [MESSAGE][PASSED] - Object: 'Object Repository/Page_CURA Healthcare Service/Page_CURA Healthcare Service/td_31' is clicked on

24-01-2024T00:23:23 - [TEST_STEP][PASSED] - setText(findTestObject("Object Repository/Page_CURA Healthcare Service/Page_CURA Healthcare Service/textarea_Comment_comment"), "1234567890"): Text '1234567890' is set on object 'Object Repository/Page_CURA Healthcare Service/Page_CURA Healthcare Service/textarea_Comment_comment'

24-01-2024T00:23:31 - [MESSAGE][PASSED] - Text '1234567890' is set on object 'Object Repository/Page_CURA Healthcare Service/Page_CURA Healthcare Service/textarea_Comment_comment'

24-01-2024T00:23:31 - [TEST_STEP][PASSED] - click(findTestObject("Object Repository/Page_CURA Healthcare Service/Page_CURA Healthcare Service/button_Book Appointment")): Object: 'Object Repository/Page_CURA Healthcare Service/Page_CURA Healthcare Service/button_Book Appointment' is clicked on

24-01-2024T00:23:35 - [MESSAGE][PASSED] - Object: 'Object Repository/Page_CURA Healthcare Service/Page_CURA Healthcare Service/button_Book Appointment' is clicked on

24-01-2024T00:23:35 - [TEST_STEP][PASSED] - click(findTestObject("Object Repository/Page_CURA Healthcare Service/Page_CURA Healthcare Service/a_Go to Homepage")): Object: 'Object Repository/Page_CURA Healthcare Service/Page_CURA Healthcare Service/a_Go to Homepage' is clicked on

24-01-2024T00:24:08 - [MESSAGE][INFO] - Unable to find the element located by 'By.xpath: //section[@id='history']/div/div[3]/p/a'. Please recheck the objects properties to make sure the desired element is located. 

24-01-2024T00:24:08 - [MESSAGE][WARNING] - [SELF-HEALING] Failed to find element with id 'Object Repository/Page_CURA Healthcare Service/Page_CURA Healthcare Service/a_Go to Homepage'. Try using Self-healing.

24-01-2024T00:24:11 - [MESSAGE][WARNING] - [SELF-HEALING] The current locator of test object 'Object Repository/Page_CURA Healthcare Service/Page_CURA Healthcare Service/a_Go to Homepage' was broken. Propose an alternative one: '//a[contains(text(),'Go to Homepage')]'.

24-01-2024T00:24:13 - [MESSAGE][PASSED] - Object: 'Object Repository/Page_CURA Healthcare Service/Page_CURA Healthcare Service/a_Go to Homepage' is clicked on

24-01-2024T00:24:13 - [TEST_STEP][PASSED] - closeBrowser(): Browser is closed

24-01-2024T00:24:15 - [MESSAGE][PASSED] - Browser is closed]]></system-out>
         <system-err><![CDATA[]]></system-err>
      </testcase>
      <system-out><![CDATA[24-01-2024T00:17:00 - [TEST_SUITE][PASSED] - Looping: Test Cases/Cura Healthcare Center/TC_5 Looping]]></system-out>
      <system-err><![CDATA[]]></system-err>
   </testsuite>
</testsuites>
