<?xml version="1.0" encoding="UTF-8"?>
<testsuites name="Appointment" time="284.787" tests="2" failures="0" errors="0">
   <testsuite name="Appointment" tests="2" failures="0" errors="0" time="284.787" skipped="0" timestamp="25-01-2024T22:03:56" hostname="0767 - DESKTOP-SQ56SGT" id="Test Suites/Test Suites/Appointment">
      <properties>
         <property name="deviceName"/>
         <property name="devicePlatform" value="WINDOWS"/>
         <property name="logFolder" value="C:\\Users\\0767\\Katalon Studio\\ProjectIGLO\\Reports\\20240125_220325\\Test Suites\\Appointment\\20240125_220328"/>
         <property name="logFiles" value="C:\\Users\\0767\\Katalon Studio\\ProjectIGLO\\Reports\\20240125_220325\\Test Suites\\Appointment\\20240125_220328\\execution0.log"/>
         <property name="attachments" value="keyes\keyes-cek.png, keyes\keyes-cek.png, keyes\keyes-Cek.png, keyes\keyes-Cek.png"/>
         <property name="hostName" value="0767 - DESKTOP-SQ56SGT"/>
         <property name="remoteDriverUrl" value="testcloud.katalon.com/hub"/>
         <property name="desiredCapabilities" value="{&#xa;  &quot;timeouts&quot;: {&#xa;    &quot;implicit&quot;: 0,&#xa;    &quot;pageLoad&quot;: 300000,&#xa;    &quot;script&quot;: 30000&#xa;  },&#xa;  &quot;platform&quot;: &quot;WINDOWS&quot;,&#xa;  &quot;goog:chromeOptions&quot;: {&#xa;    &quot;debuggerAddress&quot;: &quot;localhost:9225&quot;&#xa;  },&#xa;  &quot;requestId&quot;: &quot;4afa8006-6d4d-4854-9ad6-20f70b2e86a8&quot;,&#xa;  &quot;webauthn:extension:credBlob&quot;: true,&#xa;  &quot;acceptInsecureCerts&quot;: false,&#xa;  &quot;browserVersion&quot;: &quot;119.0.0.0&quot;,&#xa;  &quot;fedcm:accounts&quot;: true,&#xa;  &quot;browserName&quot;: &quot;chrome&quot;,&#xa;  &quot;javascriptEnabled&quot;: true,&#xa;  &quot;katalon:option&quot;: {&#xa;    &quot;unlimitedExecutionMinutes&quot;: true,&#xa;    &quot;userId&quot;: 1420960,&#xa;    &quot;organizationId&quot;: &quot;1378380&quot;,&#xa;    &quot;class&quot;: &quot;com.katalon.testcloud.grid.common.tunnel.domain.UserOptionCapability&quot;,&#xa;    &quot;runFromTestCloud&quot;: true,&#xa;    &quot;usingTunnel&quot;: false&#xa;  },&#xa;  &quot;platformName&quot;: &quot;WINDOWS&quot;,&#xa;  &quot;setWindowRect&quot;: true,&#xa;  &quot;webauthn:extension:largeBlob&quot;: true,&#xa;  &quot;networkConnectionEnabled&quot;: false,&#xa;  &quot;chrome&quot;: {&#xa;    &quot;chromedriverVersion&quot;: &quot;119.0.6045.9 (c7ec5863fa5c563b4b9057148aa2ae3f09f7994e-refs/branch-heads/6045@{#87})&quot;,&#xa;    &quot;userDataDir&quot;: &quot;C:\\Program Files (x86)\\scoped_dir2420_1924977960&quot;&#xa;  },&#xa;  &quot;os&quot;: &quot;windows&quot;,&#xa;  &quot;pageLoadStrategy&quot;: &quot;normal&quot;,&#xa;  &quot;unhandledPromptBehavior&quot;: &quot;dismiss and notify&quot;,&#xa;  &quot;strictFileInteractability&quot;: false,&#xa;  &quot;***:loadExtension&quot;: [&#xa;    &quot;https://prod-magicleap-user-files-us-east-1-v1.s3.amazonaws.com/extensions/orgId-691279/SmartWait.zip&quot;&#xa;  ],&#xa;  &quot;version&quot;: &quot;119&quot;,&#xa;  &quot;se:cdp&quot;: &quot;ws://172.48.47.234:4444/session/c78b8e0d4b090130cea77f0d76fef5ac/se/cdp&quot;,&#xa;  &quot;proxy&quot;: {&#xa;    &quot;proxyType&quot;: &quot;DIRECT&quot;,&#xa;    &quot;autodetect&quot;: false&#xa;  },&#xa;  &quot;webauthn:extension:minPinLength&quot;: true,&#xa;  &quot;webdriver.remote.sessionid&quot;: &quot;c78b8e0d4b090130cea77f0d76fef5ac&quot;,&#xa;  &quot;webauthn:extension:prf&quot;: true,&#xa;  &quot;webauthn:virtualAuthenticators&quot;: true&#xa;}"/>
         <property name="os" value="Windows 10 64bit"/>
         <property name="remoteOS" value="Windows"/>
         <property name="katalonVersion" value="9.2.0.212"/>
         <property name="browser" value="Chrome 119.0.0.0"/>
         <property name="hostAddress" value="172.16.0.2"/>
         <property name="sessionId" value="c78b8e0d4b090130cea77f0d76fef5ac"/>
         <property name="seleniumVersion" value="3.141.59"/>
         <property name="proxyInformation" value="ProxyInformation { proxyOption=NO_PROXY, proxyServerType=HTTP, username=, password=********, proxyServerAddress=, proxyServerPort=0, executionList=&quot;&quot;, isApplyToDesiredCapabilities=true }"/>
         <property name="platform" value="Windows 10"/>
      </properties>
      <testcase name="Test Cases/Cura Healthcare Center/Login" time="105.021" classname="Test Cases/Cura Healthcare Center/Login" status="PASSED">
         <system-out><![CDATA[25-01-2024T22:03:56 - [TEST_CASE][PASSED] - Test Cases/Cura Healthcare Center/Login: Test Cases/Cura Healthcare Center/Login

25-01-2024T22:03:57 - [TEST_STEP][PASSED] - openBrowser(""): Browser is opened with url: ''

25-01-2024T22:03:58 - [MESSAGE][INFO] - User set preference: ['os', 'windows']

25-01-2024T22:03:58 - [MESSAGE][INFO] - User set preference: ['browserName', 'chrome']

25-01-2024T22:03:58 - [MESSAGE][INFO] - User set preference: ['browserVersion', '119']

25-01-2024T22:03:58 - [MESSAGE][INFO] - User set preference: ['katalon:option', '{organizationId=1378380, tunnelId=, usingTunnel=false}']

25-01-2024T22:03:58 - [MESSAGE][INFO] - Connecting to remote web server 'testcloud.katalon.com/hub' with type 'Selenium'

25-01-2024T22:04:00 - [MESSAGE][INFO] - Action delay is set to 0 milliseconds

25-01-2024T22:04:47 - [MESSAGE][PASSED] - Browser is opened with url: ''

25-01-2024T22:04:47 - [TEST_STEP][PASSED] - navigateToUrl("https://katalon-demo-cura.herokuapp.com/"): Navigate to 'https://katalon-demo-cura.herokuapp.com/' successfully

25-01-2024T22:04:49 - [MESSAGE][PASSED] - Navigate to 'https://katalon-demo-cura.herokuapp.com/' successfully

25-01-2024T22:04:49 - [TEST_STEP][PASSED] - click(findTestObject("Object Repository/Web Testing/Page_CURA Healthcare Service/a_Make Appointment")): Object: 'Object Repository/Web Testing/Page_CURA Healthcare Service/a_Make Appointment' is clicked on

25-01-2024T22:04:57 - [MESSAGE][PASSED] - Object: 'Object Repository/Web Testing/Page_CURA Healthcare Service/a_Make Appointment' is clicked on

25-01-2024T22:04:57 - [TEST_STEP][PASSED] - setText(findTestObject("Object Repository/Web Testing/Page_CURA Healthcare Service/input_username"), "John Doe"): Text 'John Doe' is set on object 'Object Repository/Web Testing/Page_CURA Healthcare Service/input_username'

25-01-2024T22:05:13 - [MESSAGE][PASSED] - Text 'John Doe' is set on object 'Object Repository/Web Testing/Page_CURA Healthcare Service/input_username'

25-01-2024T22:05:13 - [TEST_STEP][PASSED] - setEncryptedText(findTestObject("Object Repository/Web Testing/Page_CURA Healthcare Service/input_password"), "g3/DOGG74jC3Flrr3yH+3D/yKbOqqUNM"): Text ****** has been set on object 'Object Repository/Web Testing/Page_CURA Healthcare Service/input_password'

25-01-2024T22:05:21 - [MESSAGE][PASSED] - Text ****** has been set on object 'Object Repository/Web Testing/Page_CURA Healthcare Service/input_password'

25-01-2024T22:05:21 - [TEST_STEP][PASSED] - takeScreenshotAsCheckpoint("cek"): Taking screenshot successfully

25-01-2024T22:05:35 - [MESSAGE][INFO] - 0 hidden object(s)

25-01-2024T22:05:35 - [MESSAGE][PASSED] - Taking screenshot successfully
[[ATTACHMENT|keyes\keyes-cek.png]]

25-01-2024T22:05:35 - [TEST_STEP][PASSED] - click(findTestObject("Object Repository/Web Testing/Page_CURA Healthcare Service/button_Login")): Object: 'Object Repository/Web Testing/Page_CURA Healthcare Service/button_Login' is clicked on

25-01-2024T22:05:41 - [MESSAGE][PASSED] - Object: 'Object Repository/Web Testing/Page_CURA Healthcare Service/button_Login' is clicked on]]></system-out>
         <system-err><![CDATA[]]></system-err>
      </testcase>
      <testcase name="Test Cases/Cura Healthcare Center/AppointmentConfirmation" time="179.193" classname="Test Cases/Cura Healthcare Center/AppointmentConfirmation" status="PASSED">
         <system-out><![CDATA[25-01-2024T22:05:41 - [TEST_CASE][PASSED] - Test Cases/Cura Healthcare Center/AppointmentConfirmation: Test Cases/Cura Healthcare Center/AppointmentConfirmation

25-01-2024T22:05:42 - [TEST_STEP][PASSED] - callTestCase(findTestCase("Cura Healthcare Center/Login"), [:], STOP_ON_FAILURE): Call Test Case 'Test Cases/Cura Healthcare Center/Login' successfully

25-01-2024T22:05:42 - [TEST_CASE][PASSED] - Test Cases/Cura Healthcare Center/Login: Test Cases/Cura Healthcare Center/Login

25-01-2024T22:05:42 - [TEST_STEP][PASSED] - openBrowser(""): Browser is opened with url: ''

25-01-2024T22:05:42 - [MESSAGE][WARNING] - A browser is already opened. Closing browser and opening a new one

25-01-2024T22:05:44 - [MESSAGE][INFO] - User set preference: ['os', 'windows']

25-01-2024T22:05:44 - [MESSAGE][INFO] - User set preference: ['browserName', 'chrome']

25-01-2024T22:05:44 - [MESSAGE][INFO] - User set preference: ['browserVersion', '119']

25-01-2024T22:05:44 - [MESSAGE][INFO] - User set preference: ['katalon:option', '{organizationId=1378380, tunnelId=, usingTunnel=false}']

25-01-2024T22:05:44 - [MESSAGE][INFO] - Connecting to remote web server 'testcloud.katalon.com/hub' with type 'Selenium'

25-01-2024T22:05:44 - [MESSAGE][INFO] - Action delay is set to 0 milliseconds

25-01-2024T22:06:25 - [MESSAGE][PASSED] - Browser is opened with url: ''

25-01-2024T22:06:25 - [TEST_STEP][PASSED] - navigateToUrl("https://katalon-demo-cura.herokuapp.com/"): Navigate to 'https://katalon-demo-cura.herokuapp.com/' successfully

25-01-2024T22:06:29 - [MESSAGE][PASSED] - Navigate to 'https://katalon-demo-cura.herokuapp.com/' successfully

25-01-2024T22:06:29 - [TEST_STEP][PASSED] - click(findTestObject("Object Repository/Web Testing/Page_CURA Healthcare Service/a_Make Appointment")): Object: 'Object Repository/Web Testing/Page_CURA Healthcare Service/a_Make Appointment' is clicked on

25-01-2024T22:06:38 - [MESSAGE][PASSED] - Object: 'Object Repository/Web Testing/Page_CURA Healthcare Service/a_Make Appointment' is clicked on

25-01-2024T22:06:38 - [TEST_STEP][PASSED] - setText(findTestObject("Object Repository/Web Testing/Page_CURA Healthcare Service/input_username"), "John Doe"): Text 'John Doe' is set on object 'Object Repository/Web Testing/Page_CURA Healthcare Service/input_username'

25-01-2024T22:06:50 - [MESSAGE][PASSED] - Text 'John Doe' is set on object 'Object Repository/Web Testing/Page_CURA Healthcare Service/input_username'

25-01-2024T22:06:50 - [TEST_STEP][PASSED] - setEncryptedText(findTestObject("Object Repository/Web Testing/Page_CURA Healthcare Service/input_password"), "g3/DOGG74jC3Flrr3yH+3D/yKbOqqUNM"): Text ****** has been set on object 'Object Repository/Web Testing/Page_CURA Healthcare Service/input_password'

25-01-2024T22:06:57 - [MESSAGE][PASSED] - Text ****** has been set on object 'Object Repository/Web Testing/Page_CURA Healthcare Service/input_password'

25-01-2024T22:06:57 - [TEST_STEP][PASSED] - takeScreenshotAsCheckpoint("cek"): Taking screenshot successfully

25-01-2024T22:07:10 - [MESSAGE][INFO] - 0 hidden object(s)

25-01-2024T22:07:11 - [MESSAGE][PASSED] - Taking screenshot successfully
[[ATTACHMENT|keyes\keyes-cek.png]]

25-01-2024T22:07:11 - [TEST_STEP][PASSED] - click(findTestObject("Object Repository/Web Testing/Page_CURA Healthcare Service/button_Login")): Object: 'Object Repository/Web Testing/Page_CURA Healthcare Service/button_Login' is clicked on

25-01-2024T22:07:16 - [MESSAGE][PASSED] - Object: 'Object Repository/Web Testing/Page_CURA Healthcare Service/button_Login' is clicked on

25-01-2024T22:07:16 - [MESSAGE][PASSED] - Call Test Case 'Test Cases/Cura Healthcare Center/Login' successfully

25-01-2024T22:07:16 - [TEST_STEP][PASSED] - selectOptionByValue(findTestObject("Page_CURA Healthcare Service/select_Tokyo CURA Healthcare Center                            Hongkong CURA Healthcare Center                            Seoul CURA Healthcare Center"), "Hongkong CURA Healthcare Center", true): All options with value 'Hongkong CURA Healthcare Center' are selected in object 'Object Repository/Page_CURA Healthcare Service/select_Tokyo CURA Healthcare Center                            Hongkong CURA Healthcare Center                            Seoul CURA Healthcare Center'  using regular expression

25-01-2024T22:07:43 - [MESSAGE][PASSED] - All options with value 'Hongkong CURA Healthcare Center' are selected in object 'Object Repository/Page_CURA Healthcare Service/select_Tokyo CURA Healthcare Center                            Hongkong CURA Healthcare Center                            Seoul CURA Healthcare Center'  using regular expression

25-01-2024T22:07:43 - [TEST_STEP][PASSED] - takeScreenshotAsCheckpoint("Cek"): Taking screenshot successfully

25-01-2024T22:07:51 - [MESSAGE][INFO] - 0 hidden object(s)

25-01-2024T22:07:52 - [MESSAGE][PASSED] - Taking screenshot successfully
[[ATTACHMENT|keyes\keyes-Cek.png]]

25-01-2024T22:07:52 - [TEST_STEP][PASSED] - click(findTestObject("Object Repository/Page_CURA Healthcare Service/input_hospital_readmission")): Object: 'Object Repository/Page_CURA Healthcare Service/input_hospital_readmission' is clicked on

25-01-2024T22:07:56 - [MESSAGE][PASSED] - Object: 'Object Repository/Page_CURA Healthcare Service/input_hospital_readmission' is clicked on

25-01-2024T22:07:56 - [TEST_STEP][PASSED] - click(findTestObject("Page_CURA Healthcare Service/input_Medicaid_programs")): Object: 'Object Repository/Page_CURA Healthcare Service/input_Medicaid_programs' is clicked on

25-01-2024T22:08:02 - [MESSAGE][PASSED] - Object: 'Object Repository/Page_CURA Healthcare Service/input_Medicaid_programs' is clicked on

25-01-2024T22:08:02 - [TEST_STEP][PASSED] - click(findTestObject("Page_CURA Healthcare Service/input_Visit Date")): Object: 'Object Repository/Page_CURA Healthcare Service/input_Visit Date' is clicked on

25-01-2024T22:08:05 - [MESSAGE][PASSED] - Object: 'Object Repository/Page_CURA Healthcare Service/input_Visit Date' is clicked on

25-01-2024T22:08:05 - [TEST_STEP][PASSED] - click(findTestObject("Object Repository/Page_CURA Healthcare Service/td_20")): Object: 'Object Repository/Page_CURA Healthcare Service/td_20' is clicked on

25-01-2024T22:08:10 - [MESSAGE][PASSED] - Object: 'Object Repository/Page_CURA Healthcare Service/td_20' is clicked on

25-01-2024T22:08:10 - [TEST_STEP][PASSED] - setText(findTestObject("Page_CURA Healthcare Service/textarea_Comment"), "Testing"): Text 'Testing' is set on object 'Object Repository/Page_CURA Healthcare Service/textarea_Comment'

25-01-2024T22:08:18 - [MESSAGE][PASSED] - Text 'Testing' is set on object 'Object Repository/Page_CURA Healthcare Service/textarea_Comment'

25-01-2024T22:08:18 - [TEST_STEP][PASSED] - click(findTestObject("Page_CURA Healthcare Service/btn_Book App")): Object: 'Object Repository/Page_CURA Healthcare Service/btn_Book App' is clicked on

25-01-2024T22:08:23 - [MESSAGE][PASSED] - Object: 'Object Repository/Page_CURA Healthcare Service/btn_Book App' is clicked on

25-01-2024T22:08:23 - [TEST_STEP][PASSED] - takeScreenshotAsCheckpoint("Cek"): Taking screenshot successfully

25-01-2024T22:08:39 - [MESSAGE][INFO] - 0 hidden object(s)

25-01-2024T22:08:39 - [MESSAGE][PASSED] - Taking screenshot successfully
[[ATTACHMENT|keyes\keyes-Cek.png]]

25-01-2024T22:08:39 - [TEST_STEP][PASSED] - closeBrowser(): Browser is closed

25-01-2024T22:08:41 - [MESSAGE][PASSED] - Browser is closed]]></system-out>
         <system-err><![CDATA[]]></system-err>
      </testcase>
      <system-out><![CDATA[25-01-2024T22:03:56 - [TEST_SUITE][PASSED] - Appointment: Test Cases/Cura Healthcare Center/AppointmentConfirmation]]></system-out>
      <system-err><![CDATA[]]></system-err>
   </testsuite>
</testsuites>
