<?xml version="1.0" encoding="UTF-8"?>
<testsuites name="Looping" time="128.863" tests="1" failures="0" errors="0">
   <testsuite name="Looping" tests="1" failures="0" errors="0" time="128.863" skipped="0" timestamp="24-01-2024T00:17:39" hostname="0767 - DESKTOP-SQ56SGT" id="Test Suites/Test Suites/Looping">
      <properties>
         <property name="deviceName" value=""/>
         <property name="devicePlatform" value=""/>
         <property name="logFolder" value="C:\\Users\\0767\\Katalon Studio\\ProjectIGLO\\Reports\\20240124_001723\\Test Suites\\Looping\\20240124_001724"/>
         <property name="logFiles" value="C:\\Users\\0767\\Katalon Studio\\ProjectIGLO\\Reports\\20240124_001723\\Test Suites\\Looping\\20240124_001724\\execution0.log"/>
         <property name="attachments" value="keyes\keyes-cek.png, keyes\keyes-Medicare.png, keyes\keyes-Medicaid.png, keyes\keyes-None.png"/>
         <property name="hostName" value="0767 - DESKTOP-SQ56SGT"/>
         <property name="os" value="Windows 10 64bit"/>
         <property name="katalonVersion" value="9.2.0.212"/>
         <property name="browser" value="Chrome 120.0.0.0"/>
         <property name="hostAddress" value="192.168.78.2"/>
         <property name="sessionId" value="6278d025f4514293e1127f89f1b99569"/>
         <property name="seleniumVersion" value="3.141.59"/>
         <property name="proxyInformation" value="ProxyInformation { proxyOption=NO_PROXY, proxyServerType=HTTP, username=, password=********, proxyServerAddress=, proxyServerPort=0, executionList=&quot;&quot;, isApplyToDesiredCapabilities=true }"/>
         <property name="platform" value="Windows 10"/>
      </properties>
      <testcase name="Test Cases/Cura Healthcare Center/TC_5 Looping" time="128.419" classname="Test Cases/Cura Healthcare Center/TC_5 Looping" status="PASSED">
         <system-out><![CDATA[24-01-2024T00:17:40 - [TEST_CASE][PASSED] - Test Cases/Cura Healthcare Center/TC_5 Looping: Test Cases/Cura Healthcare Center/TC_5 Looping

24-01-2024T00:17:41 - [TEST_STEP][PASSED] - callTestCase(findTestCase("Cura Healthcare Center/Login"), [:], STOP_ON_FAILURE): Call Test Case 'Test Cases/Cura Healthcare Center/Login' successfully

24-01-2024T00:17:41 - [TEST_CASE][PASSED] - Test Cases/Cura Healthcare Center/Login: Test Cases/Cura Healthcare Center/Login

24-01-2024T00:17:41 - [TEST_STEP][PASSED] - openBrowser(""): Browser is opened with url: ''

24-01-2024T00:17:42 - [MESSAGE][INFO] - Starting 'Chrome' driver

24-01-2024T00:17:42 - [MESSAGE][INFO] - Action delay is set to 0 milliseconds

24-01-2024T00:17:45 - [MESSAGE][PASSED] - Browser is opened with url: ''

24-01-2024T00:17:45 - [TEST_STEP][PASSED] - navigateToUrl("https://katalon-demo-cura.herokuapp.com/"): Navigate to 'https://katalon-demo-cura.herokuapp.com/' successfully

24-01-2024T00:17:48 - [MESSAGE][PASSED] - Navigate to 'https://katalon-demo-cura.herokuapp.com/' successfully

24-01-2024T00:17:48 - [TEST_STEP][PASSED] - click(findTestObject("Object Repository/Web Testing/Page_CURA Healthcare Service/a_Make Appointment")): Object: 'Object Repository/Web Testing/Page_CURA Healthcare Service/a_Make Appointment' is clicked on

24-01-2024T00:17:50 - [MESSAGE][PASSED] - Object: 'Object Repository/Web Testing/Page_CURA Healthcare Service/a_Make Appointment' is clicked on

24-01-2024T00:17:50 - [TEST_STEP][PASSED] - setText(findTestObject("Object Repository/Web Testing/Page_CURA Healthcare Service/input_username"), "John Doe"): Text 'John Doe' is set on object 'Object Repository/Web Testing/Page_CURA Healthcare Service/input_username'

24-01-2024T00:17:50 - [MESSAGE][PASSED] - Text 'John Doe' is set on object 'Object Repository/Web Testing/Page_CURA Healthcare Service/input_username'

24-01-2024T00:17:50 - [TEST_STEP][PASSED] - setEncryptedText(findTestObject("Object Repository/Web Testing/Page_CURA Healthcare Service/input_password"), "g3/DOGG74jC3Flrr3yH+3D/yKbOqqUNM"): Text ****** has been set on object 'Object Repository/Web Testing/Page_CURA Healthcare Service/input_password'

24-01-2024T00:17:51 - [MESSAGE][PASSED] - Text ****** has been set on object 'Object Repository/Web Testing/Page_CURA Healthcare Service/input_password'

24-01-2024T00:17:51 - [TEST_STEP][PASSED] - takeScreenshotAsCheckpoint("cek"): Taking screenshot successfully

24-01-2024T00:17:52 - [MESSAGE][INFO] - 0 hidden object(s)

24-01-2024T00:17:52 - [MESSAGE][PASSED] - Taking screenshot successfully
[[ATTACHMENT|keyes\keyes-cek.png]]

24-01-2024T00:17:52 - [TEST_STEP][PASSED] - click(findTestObject("Object Repository/Web Testing/Page_CURA Healthcare Service/button_Login")): Object: 'Object Repository/Web Testing/Page_CURA Healthcare Service/button_Login' is clicked on

24-01-2024T00:17:53 - [MESSAGE][PASSED] - Object: 'Object Repository/Web Testing/Page_CURA Healthcare Service/button_Login' is clicked on

24-01-2024T00:17:53 - [MESSAGE][PASSED] - Call Test Case 'Test Cases/Cura Healthcare Center/Login' successfully

24-01-2024T00:17:53 - [TEST_STEP][PASSED] - for (def n : (0..2)): Object: 'Object Repository/Page_CURA Healthcare Service/Page_CURA Healthcare Service/a_Go to Homepage' is clicked on

24-01-2024T00:17:54 - [TEST_STEP][PASSED] - selectOptionByValue(findTestObject("Object Repository/Page_CURA Healthcare Service/Page_CURA Healthcare Service/select_Tokyo CURA Healthcare Center        _5b4107"), "Hongkong CURA Healthcare Center", true): All options with value 'Hongkong CURA Healthcare Center' are selected in object 'Object Repository/Page_CURA Healthcare Service/Page_CURA Healthcare Service/select_Tokyo CURA Healthcare Center        _5b4107'  using regular expression

24-01-2024T00:17:55 - [MESSAGE][PASSED] - All options with value 'Hongkong CURA Healthcare Center' are selected in object 'Object Repository/Page_CURA Healthcare Service/Page_CURA Healthcare Service/select_Tokyo CURA Healthcare Center        _5b4107'  using regular expression

24-01-2024T00:17:55 - [TEST_STEP][PASSED] - click(findTestObject("Page_CURA Healthcare Service/input_hospital_readmission")): Object: 'Object Repository/Page_CURA Healthcare Service/input_hospital_readmission' is clicked on

24-01-2024T00:17:55 - [MESSAGE][PASSED] - Object: 'Object Repository/Page_CURA Healthcare Service/input_hospital_readmission' is clicked on

24-01-2024T00:17:55 - [TEST_STEP][PASSED] - if (n == 0): Taking screenshot successfully

24-01-2024T00:17:55 - [TEST_STEP][PASSED] - click(findTestObject("Baru/Page_CURA Healthcare Service/input_Medicare_programs")): Object: 'Object Repository/Baru/Page_CURA Healthcare Service/input_Medicare_programs' is clicked on

24-01-2024T00:17:56 - [MESSAGE][PASSED] - Object: 'Object Repository/Baru/Page_CURA Healthcare Service/input_Medicare_programs' is clicked on

24-01-2024T00:17:56 - [TEST_STEP][PASSED] - takeScreenshotAsCheckpoint("Medicare"): Taking screenshot successfully

24-01-2024T00:17:56 - [MESSAGE][INFO] - 0 hidden object(s)

24-01-2024T00:17:56 - [MESSAGE][PASSED] - Taking screenshot successfully
[[ATTACHMENT|keyes\keyes-Medicare.png]]

24-01-2024T00:17:56 - [TEST_STEP][PASSED] - click(findTestObject("Object Repository/Page_CURA Healthcare Service/Page_CURA Healthcare Service/input_Visit Date (Required)_visit_date")): Object: 'Object Repository/Page_CURA Healthcare Service/Page_CURA Healthcare Service/input_Visit Date (Required)_visit_date' is clicked on

24-01-2024T00:17:57 - [MESSAGE][PASSED] - Object: 'Object Repository/Page_CURA Healthcare Service/Page_CURA Healthcare Service/input_Visit Date (Required)_visit_date' is clicked on

24-01-2024T00:17:57 - [TEST_STEP][PASSED] - click(findTestObject("Object Repository/Page_CURA Healthcare Service/Page_CURA Healthcare Service/td_31")): Object: 'Object Repository/Page_CURA Healthcare Service/Page_CURA Healthcare Service/td_31' is clicked on

24-01-2024T00:17:58 - [MESSAGE][PASSED] - Object: 'Object Repository/Page_CURA Healthcare Service/Page_CURA Healthcare Service/td_31' is clicked on

24-01-2024T00:17:58 - [TEST_STEP][PASSED] - setText(findTestObject("Object Repository/Page_CURA Healthcare Service/Page_CURA Healthcare Service/textarea_Comment_comment"), "1234567890"): Text '1234567890' is set on object 'Object Repository/Page_CURA Healthcare Service/Page_CURA Healthcare Service/textarea_Comment_comment'

24-01-2024T00:17:59 - [MESSAGE][PASSED] - Text '1234567890' is set on object 'Object Repository/Page_CURA Healthcare Service/Page_CURA Healthcare Service/textarea_Comment_comment'

24-01-2024T00:17:59 - [TEST_STEP][PASSED] - click(findTestObject("Object Repository/Page_CURA Healthcare Service/Page_CURA Healthcare Service/button_Book Appointment")): Object: 'Object Repository/Page_CURA Healthcare Service/Page_CURA Healthcare Service/button_Book Appointment' is clicked on

24-01-2024T00:18:00 - [MESSAGE][PASSED] - Object: 'Object Repository/Page_CURA Healthcare Service/Page_CURA Healthcare Service/button_Book Appointment' is clicked on

24-01-2024T00:18:00 - [TEST_STEP][PASSED] - click(findTestObject("Object Repository/Page_CURA Healthcare Service/Page_CURA Healthcare Service/a_Go to Homepage")): Object: 'Object Repository/Page_CURA Healthcare Service/Page_CURA Healthcare Service/a_Go to Homepage' is clicked on

24-01-2024T00:18:31 - [MESSAGE][INFO] - Unable to find the element located by 'By.xpath: //section[@id='history']/div/div[3]/p/a'. Please recheck the objects properties to make sure the desired element is located. 

24-01-2024T00:18:31 - [MESSAGE][WARNING] - [SELF-HEALING] Failed to find element with id 'Object Repository/Page_CURA Healthcare Service/Page_CURA Healthcare Service/a_Go to Homepage'. Try using Self-healing.

24-01-2024T00:18:31 - [MESSAGE][WARNING] - [SELF-HEALING] The current locator of test object 'Object Repository/Page_CURA Healthcare Service/Page_CURA Healthcare Service/a_Go to Homepage' was broken. Propose an alternative one: '//a[contains(text(),'Go to Homepage')]'.

24-01-2024T00:18:32 - [MESSAGE][PASSED] - Object: 'Object Repository/Page_CURA Healthcare Service/Page_CURA Healthcare Service/a_Go to Homepage' is clicked on

24-01-2024T00:18:32 - [TEST_STEP][PASSED] - selectOptionByValue(findTestObject("Object Repository/Page_CURA Healthcare Service/Page_CURA Healthcare Service/select_Tokyo CURA Healthcare Center        _5b4107"), "Hongkong CURA Healthcare Center", true): All options with value 'Hongkong CURA Healthcare Center' are selected in object 'Object Repository/Page_CURA Healthcare Service/Page_CURA Healthcare Service/select_Tokyo CURA Healthcare Center        _5b4107'  using regular expression

24-01-2024T00:18:33 - [MESSAGE][PASSED] - All options with value 'Hongkong CURA Healthcare Center' are selected in object 'Object Repository/Page_CURA Healthcare Service/Page_CURA Healthcare Service/select_Tokyo CURA Healthcare Center        _5b4107'  using regular expression

24-01-2024T00:18:33 - [TEST_STEP][PASSED] - click(findTestObject("Page_CURA Healthcare Service/input_hospital_readmission")): Object: 'Object Repository/Page_CURA Healthcare Service/input_hospital_readmission' is clicked on

24-01-2024T00:18:34 - [MESSAGE][PASSED] - Object: 'Object Repository/Page_CURA Healthcare Service/input_hospital_readmission' is clicked on

24-01-2024T00:18:34 - [TEST_STEP][PASSED] - if (n == 0): null

24-01-2024T00:18:34 - [TEST_STEP][PASSED] - else if (n == 1): Taking screenshot successfully

24-01-2024T00:18:34 - [TEST_STEP][PASSED] - click(findTestObject("Baru/Page_CURA Healthcare Service/input_Medicaid_programs")): Object: 'Object Repository/Baru/Page_CURA Healthcare Service/input_Medicaid_programs' is clicked on

24-01-2024T00:18:34 - [MESSAGE][PASSED] - Object: 'Object Repository/Baru/Page_CURA Healthcare Service/input_Medicaid_programs' is clicked on

24-01-2024T00:18:34 - [TEST_STEP][PASSED] - takeScreenshotAsCheckpoint("Medicaid"): Taking screenshot successfully

24-01-2024T00:18:35 - [MESSAGE][INFO] - 0 hidden object(s)

24-01-2024T00:18:35 - [MESSAGE][PASSED] - Taking screenshot successfully
[[ATTACHMENT|keyes\keyes-Medicaid.png]]

24-01-2024T00:18:35 - [TEST_STEP][PASSED] - click(findTestObject("Object Repository/Page_CURA Healthcare Service/Page_CURA Healthcare Service/input_Visit Date (Required)_visit_date")): Object: 'Object Repository/Page_CURA Healthcare Service/Page_CURA Healthcare Service/input_Visit Date (Required)_visit_date' is clicked on

24-01-2024T00:18:35 - [MESSAGE][PASSED] - Object: 'Object Repository/Page_CURA Healthcare Service/Page_CURA Healthcare Service/input_Visit Date (Required)_visit_date' is clicked on

24-01-2024T00:18:35 - [TEST_STEP][PASSED] - click(findTestObject("Object Repository/Page_CURA Healthcare Service/Page_CURA Healthcare Service/td_31")): Object: 'Object Repository/Page_CURA Healthcare Service/Page_CURA Healthcare Service/td_31' is clicked on

24-01-2024T00:18:36 - [MESSAGE][PASSED] - Object: 'Object Repository/Page_CURA Healthcare Service/Page_CURA Healthcare Service/td_31' is clicked on

24-01-2024T00:18:36 - [TEST_STEP][PASSED] - setText(findTestObject("Object Repository/Page_CURA Healthcare Service/Page_CURA Healthcare Service/textarea_Comment_comment"), "1234567890"): Text '1234567890' is set on object 'Object Repository/Page_CURA Healthcare Service/Page_CURA Healthcare Service/textarea_Comment_comment'

24-01-2024T00:18:37 - [MESSAGE][PASSED] - Text '1234567890' is set on object 'Object Repository/Page_CURA Healthcare Service/Page_CURA Healthcare Service/textarea_Comment_comment'

24-01-2024T00:18:37 - [TEST_STEP][PASSED] - click(findTestObject("Object Repository/Page_CURA Healthcare Service/Page_CURA Healthcare Service/button_Book Appointment")): Object: 'Object Repository/Page_CURA Healthcare Service/Page_CURA Healthcare Service/button_Book Appointment' is clicked on

24-01-2024T00:18:38 - [MESSAGE][PASSED] - Object: 'Object Repository/Page_CURA Healthcare Service/Page_CURA Healthcare Service/button_Book Appointment' is clicked on

24-01-2024T00:18:38 - [TEST_STEP][PASSED] - click(findTestObject("Object Repository/Page_CURA Healthcare Service/Page_CURA Healthcare Service/a_Go to Homepage")): Object: 'Object Repository/Page_CURA Healthcare Service/Page_CURA Healthcare Service/a_Go to Homepage' is clicked on

24-01-2024T00:19:09 - [MESSAGE][INFO] - Unable to find the element located by 'By.xpath: //section[@id='history']/div/div[3]/p/a'. Please recheck the objects properties to make sure the desired element is located. 

24-01-2024T00:19:09 - [MESSAGE][WARNING] - [SELF-HEALING] Failed to find element with id 'Object Repository/Page_CURA Healthcare Service/Page_CURA Healthcare Service/a_Go to Homepage'. Try using Self-healing.

24-01-2024T00:19:10 - [MESSAGE][WARNING] - [SELF-HEALING] The current locator of test object 'Object Repository/Page_CURA Healthcare Service/Page_CURA Healthcare Service/a_Go to Homepage' was broken. Propose an alternative one: '//a[contains(text(),'Go to Homepage')]'.

24-01-2024T00:19:10 - [MESSAGE][PASSED] - Object: 'Object Repository/Page_CURA Healthcare Service/Page_CURA Healthcare Service/a_Go to Homepage' is clicked on

24-01-2024T00:19:10 - [TEST_STEP][PASSED] - selectOptionByValue(findTestObject("Object Repository/Page_CURA Healthcare Service/Page_CURA Healthcare Service/select_Tokyo CURA Healthcare Center        _5b4107"), "Hongkong CURA Healthcare Center", true): All options with value 'Hongkong CURA Healthcare Center' are selected in object 'Object Repository/Page_CURA Healthcare Service/Page_CURA Healthcare Service/select_Tokyo CURA Healthcare Center        _5b4107'  using regular expression

24-01-2024T00:19:11 - [MESSAGE][PASSED] - All options with value 'Hongkong CURA Healthcare Center' are selected in object 'Object Repository/Page_CURA Healthcare Service/Page_CURA Healthcare Service/select_Tokyo CURA Healthcare Center        _5b4107'  using regular expression

24-01-2024T00:19:11 - [TEST_STEP][PASSED] - click(findTestObject("Page_CURA Healthcare Service/input_hospital_readmission")): Object: 'Object Repository/Page_CURA Healthcare Service/input_hospital_readmission' is clicked on

24-01-2024T00:19:12 - [MESSAGE][PASSED] - Object: 'Object Repository/Page_CURA Healthcare Service/input_hospital_readmission' is clicked on

24-01-2024T00:19:12 - [TEST_STEP][PASSED] - if (n == 0): null

24-01-2024T00:19:12 - [TEST_STEP][PASSED] - else if (n == 1): null

24-01-2024T00:19:12 - [TEST_STEP][PASSED] - else: Taking screenshot successfully

24-01-2024T00:19:12 - [TEST_STEP][PASSED] - click(findTestObject("Baru/Page_CURA Healthcare Service/input_None_programs")): Object: 'Object Repository/Baru/Page_CURA Healthcare Service/input_None_programs' is clicked on

24-01-2024T00:19:12 - [MESSAGE][PASSED] - Object: 'Object Repository/Baru/Page_CURA Healthcare Service/input_None_programs' is clicked on

24-01-2024T00:19:12 - [TEST_STEP][PASSED] - takeScreenshotAsCheckpoint("None"): Taking screenshot successfully

24-01-2024T00:19:13 - [MESSAGE][INFO] - 0 hidden object(s)

24-01-2024T00:19:13 - [MESSAGE][PASSED] - Taking screenshot successfully
[[ATTACHMENT|keyes\keyes-None.png]]

24-01-2024T00:19:13 - [TEST_STEP][PASSED] - click(findTestObject("Object Repository/Page_CURA Healthcare Service/Page_CURA Healthcare Service/input_Visit Date (Required)_visit_date")): Object: 'Object Repository/Page_CURA Healthcare Service/Page_CURA Healthcare Service/input_Visit Date (Required)_visit_date' is clicked on

24-01-2024T00:19:13 - [MESSAGE][PASSED] - Object: 'Object Repository/Page_CURA Healthcare Service/Page_CURA Healthcare Service/input_Visit Date (Required)_visit_date' is clicked on

24-01-2024T00:19:13 - [TEST_STEP][PASSED] - click(findTestObject("Object Repository/Page_CURA Healthcare Service/Page_CURA Healthcare Service/td_31")): Object: 'Object Repository/Page_CURA Healthcare Service/Page_CURA Healthcare Service/td_31' is clicked on

24-01-2024T00:19:14 - [MESSAGE][PASSED] - Object: 'Object Repository/Page_CURA Healthcare Service/Page_CURA Healthcare Service/td_31' is clicked on

24-01-2024T00:19:14 - [TEST_STEP][PASSED] - setText(findTestObject("Object Repository/Page_CURA Healthcare Service/Page_CURA Healthcare Service/textarea_Comment_comment"), "1234567890"): Text '1234567890' is set on object 'Object Repository/Page_CURA Healthcare Service/Page_CURA Healthcare Service/textarea_Comment_comment'

24-01-2024T00:19:15 - [MESSAGE][PASSED] - Text '1234567890' is set on object 'Object Repository/Page_CURA Healthcare Service/Page_CURA Healthcare Service/textarea_Comment_comment'

24-01-2024T00:19:15 - [TEST_STEP][PASSED] - click(findTestObject("Object Repository/Page_CURA Healthcare Service/Page_CURA Healthcare Service/button_Book Appointment")): Object: 'Object Repository/Page_CURA Healthcare Service/Page_CURA Healthcare Service/button_Book Appointment' is clicked on

24-01-2024T00:19:16 - [MESSAGE][PASSED] - Object: 'Object Repository/Page_CURA Healthcare Service/Page_CURA Healthcare Service/button_Book Appointment' is clicked on

24-01-2024T00:19:16 - [TEST_STEP][PASSED] - click(findTestObject("Object Repository/Page_CURA Healthcare Service/Page_CURA Healthcare Service/a_Go to Homepage")): Object: 'Object Repository/Page_CURA Healthcare Service/Page_CURA Healthcare Service/a_Go to Homepage' is clicked on

24-01-2024T00:19:47 - [MESSAGE][INFO] - Unable to find the element located by 'By.xpath: //section[@id='history']/div/div[3]/p/a'. Please recheck the objects properties to make sure the desired element is located. 

24-01-2024T00:19:47 - [MESSAGE][WARNING] - [SELF-HEALING] Failed to find element with id 'Object Repository/Page_CURA Healthcare Service/Page_CURA Healthcare Service/a_Go to Homepage'. Try using Self-healing.

24-01-2024T00:19:47 - [MESSAGE][WARNING] - [SELF-HEALING] The current locator of test object 'Object Repository/Page_CURA Healthcare Service/Page_CURA Healthcare Service/a_Go to Homepage' was broken. Propose an alternative one: '//a[contains(text(),'Go to Homepage')]'.

24-01-2024T00:19:48 - [MESSAGE][PASSED] - Object: 'Object Repository/Page_CURA Healthcare Service/Page_CURA Healthcare Service/a_Go to Homepage' is clicked on

24-01-2024T00:19:48 - [TEST_STEP][PASSED] - closeBrowser(): Browser is closed

24-01-2024T00:19:48 - [MESSAGE][PASSED] - Browser is closed]]></system-out>
         <system-err><![CDATA[]]></system-err>
      </testcase>
      <system-out><![CDATA[24-01-2024T00:17:39 - [TEST_SUITE][PASSED] - Looping: Test Cases/Cura Healthcare Center/TC_5 Looping]]></system-out>
      <system-err><![CDATA[]]></system-err>
   </testsuite>
</testsuites>
