<?xml version="1.0" encoding="UTF-8"?>
<testsuites name="Appointment" time="71.431" tests="2" failures="0" errors="0">
   <testsuite name="Appointment" tests="2" failures="0" errors="0" time="71.431" skipped="0" timestamp="19-01-2024T14:13:32" hostname="0767 - DESKTOP-SQ56SGT" id="Test Suites/Appointment/Appointment">
      <properties>
         <property name="deviceName" value=""/>
         <property name="devicePlatform" value=""/>
         <property name="logFolder" value="C:\\Users\\0767\\Katalon Studio\\ProjectIGLO\\Reports\\20240119_141320\\Appointment\\Appointment\\20240119_141320"/>
         <property name="logFiles" value="C:\\Users\\0767\\Katalon Studio\\ProjectIGLO\\Reports\\20240119_141320\\Appointment\\Appointment\\20240119_141320\\execution0.log"/>
         <property name="attachments" value=""/>
         <property name="hostName" value="0767 - DESKTOP-SQ56SGT"/>
         <property name="os" value="Windows 10 64bit"/>
         <property name="katalonVersion" value="9.2.0.212"/>
         <property name="browser" value="Chrome 120.0.0.0"/>
         <property name="hostAddress" value="192.168.90.251"/>
         <property name="sessionId" value="4ad7daa2d8bd676a119a8df8f88e7c70"/>
         <property name="seleniumVersion" value="3.141.59"/>
         <property name="proxyInformation" value="ProxyInformation { proxyOption=NO_PROXY, proxyServerType=HTTP, username=, password=********, proxyServerAddress=, proxyServerPort=0, executionList=&quot;&quot;, isApplyToDesiredCapabilities=true }"/>
         <property name="platform" value="Windows 10"/>
      </properties>
      <testcase name="Test Cases/Test Case Web Testing/Login" time="22.92" classname="Test Cases/Test Case Web Testing/Login" status="PASSED">
         <system-out><![CDATA[19-01-2024T14:13:32 - [TEST_CASE][PASSED] - Test Cases/Test Case Web Testing/Login: Test Cases/Test Case Web Testing/Login

19-01-2024T14:13:32 - [TEST_STEP][PASSED] - openBrowser(""): Browser is opened with url: ''

19-01-2024T14:13:33 - [MESSAGE][INFO] - Starting 'Chrome' driver

19-01-2024T14:13:33 - [MESSAGE][INFO] - Action delay is set to 0 milliseconds

19-01-2024T14:13:35 - [MESSAGE][PASSED] - Browser is opened with url: ''

19-01-2024T14:13:35 - [TEST_STEP][PASSED] - navigateToUrl("https://katalon-demo-cura.herokuapp.com/"): Navigate to 'https://katalon-demo-cura.herokuapp.com/' successfully

19-01-2024T14:13:47 - [MESSAGE][PASSED] - Navigate to 'https://katalon-demo-cura.herokuapp.com/' successfully

19-01-2024T14:13:47 - [TEST_STEP][PASSED] - click(findTestObject("Object Repository/Web Testing/Page_CURA Healthcare Service/a_Make Appointment")): Object: 'Object Repository/Web Testing/Page_CURA Healthcare Service/a_Make Appointment' is clicked on

19-01-2024T14:13:50 - [MESSAGE][PASSED] - Object: 'Object Repository/Web Testing/Page_CURA Healthcare Service/a_Make Appointment' is clicked on

19-01-2024T14:13:50 - [TEST_STEP][PASSED] - setText(findTestObject("Object Repository/Web Testing/Page_CURA Healthcare Service/input_username"), "John Doe"): Text 'John Doe' is set on object 'Object Repository/Web Testing/Page_CURA Healthcare Service/input_username'

19-01-2024T14:13:51 - [MESSAGE][PASSED] - Text 'John Doe' is set on object 'Object Repository/Web Testing/Page_CURA Healthcare Service/input_username'

19-01-2024T14:13:51 - [TEST_STEP][PASSED] - setEncryptedText(findTestObject("Object Repository/Web Testing/Page_CURA Healthcare Service/input_password"), "g3/DOGG74jC3Flrr3yH+3D/yKbOqqUNM"): Text ****** has been set on object 'Object Repository/Web Testing/Page_CURA Healthcare Service/input_password'

19-01-2024T14:13:51 - [MESSAGE][PASSED] - Text ****** has been set on object 'Object Repository/Web Testing/Page_CURA Healthcare Service/input_password'

19-01-2024T14:13:51 - [TEST_STEP][PASSED] - click(findTestObject("Object Repository/Web Testing/Page_CURA Healthcare Service/button_Login")): Object: 'Object Repository/Web Testing/Page_CURA Healthcare Service/button_Login' is clicked on

19-01-2024T14:13:54 - [MESSAGE][PASSED] - Object: 'Object Repository/Web Testing/Page_CURA Healthcare Service/button_Login' is clicked on

19-01-2024T14:13:54 - [TEST_STEP][PASSED] - verifyElementText(findTestObject("Object Repository/Web Testing/Page_CURA Healthcare Service/h2_Make Appointment"), "Make Appointment"): Actual text and expected text of test object 'Object Repository/Web Testing/Page_CURA Healthcare Service/h2_Make Appointment' are matched.

19-01-2024T14:13:55 - [MESSAGE][PASSED] - Actual text and expected text of test object 'Object Repository/Web Testing/Page_CURA Healthcare Service/h2_Make Appointment' are matched.]]></system-out>
         <system-err><![CDATA[]]></system-err>
      </testcase>
      <testcase name="Test Cases/Test Case Web Testing/AppointmentConfirmation" time="48.249" classname="Test Cases/Test Case Web Testing/AppointmentConfirmation" status="PASSED">
         <system-out><![CDATA[19-01-2024T14:13:55 - [TEST_CASE][PASSED] - Test Cases/Test Case Web Testing/AppointmentConfirmation: Test Cases/Test Case Web Testing/AppointmentConfirmation

19-01-2024T14:13:55 - [TEST_STEP][PASSED] - callTestCase(findTestCase("Test Case Web Testing/Login"), [:], STOP_ON_FAILURE): Call Test Case 'Test Cases/Test Case Web Testing/Login' successfully

19-01-2024T14:13:55 - [TEST_CASE][PASSED] - Test Cases/Test Case Web Testing/Login: Test Cases/Test Case Web Testing/Login

19-01-2024T14:13:55 - [TEST_STEP][PASSED] - openBrowser(""): Browser is opened with url: ''

19-01-2024T14:13:55 - [MESSAGE][WARNING] - A browser is already opened. Closing browser and opening a new one

19-01-2024T14:13:55 - [MESSAGE][INFO] - Starting 'Chrome' driver

19-01-2024T14:13:55 - [MESSAGE][INFO] - Action delay is set to 0 milliseconds

19-01-2024T14:13:56 - [MESSAGE][PASSED] - Browser is opened with url: ''

19-01-2024T14:13:56 - [TEST_STEP][PASSED] - navigateToUrl("https://katalon-demo-cura.herokuapp.com/"): Navigate to 'https://katalon-demo-cura.herokuapp.com/' successfully

19-01-2024T14:14:00 - [MESSAGE][PASSED] - Navigate to 'https://katalon-demo-cura.herokuapp.com/' successfully

19-01-2024T14:14:00 - [TEST_STEP][PASSED] - click(findTestObject("Object Repository/Web Testing/Page_CURA Healthcare Service/a_Make Appointment")): Object: 'Object Repository/Web Testing/Page_CURA Healthcare Service/a_Make Appointment' is clicked on

19-01-2024T14:14:01 - [MESSAGE][PASSED] - Object: 'Object Repository/Web Testing/Page_CURA Healthcare Service/a_Make Appointment' is clicked on

19-01-2024T14:14:01 - [TEST_STEP][PASSED] - setText(findTestObject("Object Repository/Web Testing/Page_CURA Healthcare Service/input_username"), "John Doe"): Text 'John Doe' is set on object 'Object Repository/Web Testing/Page_CURA Healthcare Service/input_username'

19-01-2024T14:14:02 - [MESSAGE][PASSED] - Text 'John Doe' is set on object 'Object Repository/Web Testing/Page_CURA Healthcare Service/input_username'

19-01-2024T14:14:02 - [TEST_STEP][PASSED] - setEncryptedText(findTestObject("Object Repository/Web Testing/Page_CURA Healthcare Service/input_password"), "g3/DOGG74jC3Flrr3yH+3D/yKbOqqUNM"): Text ****** has been set on object 'Object Repository/Web Testing/Page_CURA Healthcare Service/input_password'

19-01-2024T14:14:03 - [MESSAGE][PASSED] - Text ****** has been set on object 'Object Repository/Web Testing/Page_CURA Healthcare Service/input_password'

19-01-2024T14:14:03 - [TEST_STEP][PASSED] - click(findTestObject("Object Repository/Web Testing/Page_CURA Healthcare Service/button_Login")): Object: 'Object Repository/Web Testing/Page_CURA Healthcare Service/button_Login' is clicked on

19-01-2024T14:14:05 - [MESSAGE][PASSED] - Object: 'Object Repository/Web Testing/Page_CURA Healthcare Service/button_Login' is clicked on

19-01-2024T14:14:05 - [TEST_STEP][PASSED] - verifyElementText(findTestObject("Object Repository/Web Testing/Page_CURA Healthcare Service/h2_Make Appointment"), "Make Appointment"): Actual text and expected text of test object 'Object Repository/Web Testing/Page_CURA Healthcare Service/h2_Make Appointment' are matched.

19-01-2024T14:14:05 - [MESSAGE][PASSED] - Actual text and expected text of test object 'Object Repository/Web Testing/Page_CURA Healthcare Service/h2_Make Appointment' are matched.

19-01-2024T14:14:05 - [MESSAGE][PASSED] - Call Test Case 'Test Cases/Test Case Web Testing/Login' successfully

19-01-2024T14:14:05 - [TEST_STEP][PASSED] - selectOptionByValue(findTestObject("Object Repository/Page_CURA Healthcare Service/select_Tokyo CURA Healthcare Center        _5b4107"), "Hongkong CURA Healthcare Center", true): All options with value 'Hongkong CURA Healthcare Center' are selected in object 'Object Repository/Page_CURA Healthcare Service/select_Tokyo CURA Healthcare Center        _5b4107'  using regular expression

19-01-2024T14:14:06 - [MESSAGE][PASSED] - All options with value 'Hongkong CURA Healthcare Center' are selected in object 'Object Repository/Page_CURA Healthcare Service/select_Tokyo CURA Healthcare Center        _5b4107'  using regular expression

19-01-2024T14:14:06 - [TEST_STEP][PASSED] - click(findTestObject("Object Repository/Page_CURA Healthcare Service/input_hospital_readmission")): Object: 'Object Repository/Page_CURA Healthcare Service/input_hospital_readmission' is clicked on

19-01-2024T14:14:07 - [MESSAGE][PASSED] - Object: 'Object Repository/Page_CURA Healthcare Service/input_hospital_readmission' is clicked on

19-01-2024T14:14:07 - [TEST_STEP][PASSED] - click(findTestObject("Object Repository/Page_CURA Healthcare Service/input_programs")): Object: 'Object Repository/Page_CURA Healthcare Service/input_programs' is clicked on

19-01-2024T14:14:07 - [MESSAGE][PASSED] - Object: 'Object Repository/Page_CURA Healthcare Service/input_programs' is clicked on

19-01-2024T14:14:07 - [TEST_STEP][PASSED] - click(findTestObject("Object Repository/Page_CURA Healthcare Service/span_glyphicon glyphicon-calendar")): Object: 'Object Repository/Page_CURA Healthcare Service/span_glyphicon glyphicon-calendar' is clicked on

19-01-2024T14:14:08 - [MESSAGE][PASSED] - Object: 'Object Repository/Page_CURA Healthcare Service/span_glyphicon glyphicon-calendar' is clicked on

19-01-2024T14:14:08 - [TEST_STEP][PASSED] - click(findTestObject("Object Repository/Page_CURA Healthcare Service/td_20")): Object: 'Object Repository/Page_CURA Healthcare Service/td_20' is clicked on

19-01-2024T14:14:39 - [MESSAGE][INFO] - Unable to find the element located by 'By.xpath: /html/body/div[2]/div[1]/table/tbody/tr[3]/td [contains(text(),'20')]'. Please recheck the objects properties to make sure the desired element is located. 

19-01-2024T14:14:39 - [MESSAGE][WARNING] - [SELF-HEALING] Failed to find element with id 'Object Repository/Page_CURA Healthcare Service/td_20'. Try using Self-healing.

19-01-2024T14:14:39 - [MESSAGE][WARNING] - [SELF-HEALING] The current locator of test object 'Object Repository/Page_CURA Healthcare Service/td_20' was broken. Propose an alternative one: '//tr[3]/td[7]'.

19-01-2024T14:14:39 - [MESSAGE][PASSED] - Object: 'Object Repository/Page_CURA Healthcare Service/td_20' is clicked on

19-01-2024T14:14:39 - [TEST_STEP][PASSED] - setText(findTestObject("Object Repository/Page_CURA Healthcare Service/textarea_comment"), "Testing"): Text 'Testing' is set on object 'Object Repository/Page_CURA Healthcare Service/textarea_comment'

19-01-2024T14:14:40 - [MESSAGE][PASSED] - Text 'Testing' is set on object 'Object Repository/Page_CURA Healthcare Service/textarea_comment'

19-01-2024T14:14:40 - [TEST_STEP][PASSED] - click(findTestObject("Object Repository/Page_CURA Healthcare Service/button_Book Appointment")): Object: 'Object Repository/Page_CURA Healthcare Service/button_Book Appointment' is clicked on

19-01-2024T14:14:43 - [MESSAGE][PASSED] - Object: 'Object Repository/Page_CURA Healthcare Service/button_Book Appointment' is clicked on

19-01-2024T14:14:43 - [TEST_STEP][PASSED] - closeBrowser(): Browser is closed

19-01-2024T14:14:43 - [MESSAGE][PASSED] - Browser is closed]]></system-out>
         <system-err><![CDATA[]]></system-err>
      </testcase>
      <system-out><![CDATA[19-01-2024T14:13:32 - [TEST_SUITE][PASSED] - Appointment: Test Cases/Test Case Web Testing/AppointmentConfirmation]]></system-out>
      <system-err><![CDATA[]]></system-err>
   </testsuite>
</testsuites>
