<?xml version="1.0" encoding="UTF-8"?>
<testsuites name="Appointment" time="149.138" tests="2" failures="0" errors="0">
   <testsuite name="Appointment" tests="2" failures="0" errors="0" time="149.138" skipped="0" timestamp="19-01-2024T10:36:19" hostname="0767 - DESKTOP-SQ56SGT" id="Test Suites/Appointment/Appointment">
      <properties>
         <property name="deviceName"/>
         <property name="devicePlatform" value="WINDOWS"/>
         <property name="logFolder" value="C:\\Users\\0767\\Katalon Studio\\ProjectIGLO\\Reports\\20240119_103607\\Appointment\\Appointment\\20240119_103607"/>
         <property name="logFiles" value="C:\\Users\\0767\\Katalon Studio\\ProjectIGLO\\Reports\\20240119_103607\\Appointment\\Appointment\\20240119_103607\\execution0.log"/>
         <property name="attachments" value=""/>
         <property name="hostName" value="0767 - DESKTOP-SQ56SGT"/>
         <property name="remoteDriverUrl" value="testcloud.katalon.com/hub"/>
         <property name="desiredCapabilities" value="{&#xa;  &quot;timeouts&quot;: {&#xa;    &quot;implicit&quot;: 0,&#xa;    &quot;pageLoad&quot;: 300000,&#xa;    &quot;script&quot;: 30000&#xa;  },&#xa;  &quot;platform&quot;: &quot;WINDOWS&quot;,&#xa;  &quot;goog:chromeOptions&quot;: {&#xa;    &quot;debuggerAddress&quot;: &quot;localhost:9225&quot;&#xa;  },&#xa;  &quot;requestId&quot;: &quot;dabf438c-526e-410e-a12a-c22284ef2aed&quot;,&#xa;  &quot;webauthn:extension:credBlob&quot;: true,&#xa;  &quot;acceptInsecureCerts&quot;: false,&#xa;  &quot;browserVersion&quot;: &quot;119.0.0.0&quot;,&#xa;  &quot;fedcm:accounts&quot;: true,&#xa;  &quot;browserName&quot;: &quot;chrome&quot;,&#xa;  &quot;javascriptEnabled&quot;: true,&#xa;  &quot;katalon:option&quot;: {&#xa;    &quot;unlimitedExecutionMinutes&quot;: true,&#xa;    &quot;userId&quot;: 1420960,&#xa;    &quot;organizationId&quot;: &quot;1378380&quot;,&#xa;    &quot;class&quot;: &quot;com.katalon.testcloud.grid.common.tunnel.domain.UserOptionCapability&quot;,&#xa;    &quot;runFromTestCloud&quot;: true,&#xa;    &quot;usingTunnel&quot;: false&#xa;  },&#xa;  &quot;platformName&quot;: &quot;WINDOWS&quot;,&#xa;  &quot;setWindowRect&quot;: true,&#xa;  &quot;webauthn:extension:largeBlob&quot;: true,&#xa;  &quot;networkConnectionEnabled&quot;: false,&#xa;  &quot;chrome&quot;: {&#xa;    &quot;chromedriverVersion&quot;: &quot;119.0.6045.9 (c7ec5863fa5c563b4b9057148aa2ae3f09f7994e-refs/branch-heads/6045@{#87})&quot;,&#xa;    &quot;userDataDir&quot;: &quot;C:\\Program Files (x86)\\scoped_dir3776_640025645&quot;&#xa;  },&#xa;  &quot;os&quot;: &quot;windows&quot;,&#xa;  &quot;pageLoadStrategy&quot;: &quot;normal&quot;,&#xa;  &quot;unhandledPromptBehavior&quot;: &quot;dismiss and notify&quot;,&#xa;  &quot;strictFileInteractability&quot;: false,&#xa;  &quot;***:loadExtension&quot;: [&#xa;    &quot;https://prod-magicleap-user-files-us-east-1-v1.s3.amazonaws.com/extensions/orgId-691279/SmartWait.zip&quot;&#xa;  ],&#xa;  &quot;version&quot;: &quot;119&quot;,&#xa;  &quot;se:cdp&quot;: &quot;ws://172.48.66.56:4444/session/7bcdbf8f27849b2093334da5d84f6d0a/se/cdp&quot;,&#xa;  &quot;proxy&quot;: {&#xa;    &quot;proxyType&quot;: &quot;DIRECT&quot;,&#xa;    &quot;autodetect&quot;: false&#xa;  },&#xa;  &quot;webauthn:extension:minPinLength&quot;: true,&#xa;  &quot;webdriver.remote.sessionid&quot;: &quot;7bcdbf8f27849b2093334da5d84f6d0a&quot;,&#xa;  &quot;webauthn:extension:prf&quot;: true,&#xa;  &quot;webauthn:virtualAuthenticators&quot;: true&#xa;}"/>
         <property name="os" value="Windows 10 64bit"/>
         <property name="remoteOS" value="Windows"/>
         <property name="katalonVersion" value="9.2.0.212"/>
         <property name="browser" value="Chrome 119.0.0.0"/>
         <property name="hostAddress" value="192.168.90.251"/>
         <property name="sessionId" value="7bcdbf8f27849b2093334da5d84f6d0a"/>
         <property name="seleniumVersion" value="3.141.59"/>
         <property name="proxyInformation" value="ProxyInformation { proxyOption=NO_PROXY, proxyServerType=HTTP, username=, password=********, proxyServerAddress=, proxyServerPort=0, executionList=&quot;&quot;, isApplyToDesiredCapabilities=true }"/>
         <property name="platform" value="Windows 10"/>
      </properties>
      <testcase name="Test Cases/Test Case Web Testing/Login" time="88.263" classname="Test Cases/Test Case Web Testing/Login" status="PASSED">
         <system-out><![CDATA[19-01-2024T10:36:19 - [TEST_CASE][PASSED] - Test Cases/Test Case Web Testing/Login: Test Cases/Test Case Web Testing/Login

19-01-2024T10:36:20 - [TEST_STEP][PASSED] - openBrowser(""): Browser is opened with url: ''

19-01-2024T10:36:21 - [MESSAGE][INFO] - User set preference: ['os', 'windows']

19-01-2024T10:36:21 - [MESSAGE][INFO] - User set preference: ['browserName', 'chrome']

19-01-2024T10:36:21 - [MESSAGE][INFO] - User set preference: ['browserVersion', '119']

19-01-2024T10:36:21 - [MESSAGE][INFO] - User set preference: ['katalon:option', '{organizationId=1378380, tunnelId=, usingTunnel=false}']

19-01-2024T10:36:21 - [MESSAGE][INFO] - Connecting to remote web server 'testcloud.katalon.com/hub' with type 'Selenium'

19-01-2024T10:36:22 - [MESSAGE][INFO] - Action delay is set to 0 milliseconds

19-01-2024T10:37:00 - [MESSAGE][PASSED] - Browser is opened with url: ''

19-01-2024T10:37:00 - [TEST_STEP][PASSED] - navigateToUrl("https://katalon-demo-cura.herokuapp.com/"): Navigate to 'https://katalon-demo-cura.herokuapp.com/' successfully

19-01-2024T10:37:01 - [MESSAGE][PASSED] - Navigate to 'https://katalon-demo-cura.herokuapp.com/' successfully

19-01-2024T10:37:01 - [TEST_STEP][PASSED] - click(findTestObject("Object Repository/Web Testing/Page_CURA Healthcare Service/a_Make Appointment")): Object: 'Object Repository/Web Testing/Page_CURA Healthcare Service/a_Make Appointment' is clicked on

19-01-2024T10:37:10 - [MESSAGE][PASSED] - Object: 'Object Repository/Web Testing/Page_CURA Healthcare Service/a_Make Appointment' is clicked on

19-01-2024T10:37:10 - [TEST_STEP][PASSED] - setText(findTestObject("Object Repository/Web Testing/Page_CURA Healthcare Service/input_username"), "John Doe"): Text 'John Doe' is set on object 'Object Repository/Web Testing/Page_CURA Healthcare Service/input_username'

19-01-2024T10:37:19 - [MESSAGE][PASSED] - Text 'John Doe' is set on object 'Object Repository/Web Testing/Page_CURA Healthcare Service/input_username'

19-01-2024T10:37:19 - [TEST_STEP][PASSED] - setEncryptedText(findTestObject("Object Repository/Web Testing/Page_CURA Healthcare Service/input_password"), "g3/DOGG74jC3Flrr3yH+3D/yKbOqqUNM"): Text ****** has been set on object 'Object Repository/Web Testing/Page_CURA Healthcare Service/input_password'

19-01-2024T10:37:25 - [MESSAGE][PASSED] - Text ****** has been set on object 'Object Repository/Web Testing/Page_CURA Healthcare Service/input_password'

19-01-2024T10:37:25 - [TEST_STEP][PASSED] - click(findTestObject("Object Repository/Web Testing/Page_CURA Healthcare Service/button_Login")): Object: 'Object Repository/Web Testing/Page_CURA Healthcare Service/button_Login' is clicked on

19-01-2024T10:37:29 - [MESSAGE][PASSED] - Object: 'Object Repository/Web Testing/Page_CURA Healthcare Service/button_Login' is clicked on

19-01-2024T10:37:29 - [TEST_STEP][PASSED] - click(findTestObject("Object Repository/Web Testing/Page_CURA Healthcare Service/h2_Make Appointment")): Object: 'Object Repository/Web Testing/Page_CURA Healthcare Service/h2_Make Appointment' is clicked on

19-01-2024T10:37:34 - [MESSAGE][PASSED] - Object: 'Object Repository/Web Testing/Page_CURA Healthcare Service/h2_Make Appointment' is clicked on

19-01-2024T10:37:34 - [TEST_STEP][PASSED] - rightClick(findTestObject("Object Repository/Web Testing/Page_CURA Healthcare Service/h2_Make Appointment")): Object: 'Object Repository/Web Testing/Page_CURA Healthcare Service/h2_Make Appointment' is right clicked on

19-01-2024T10:37:44 - [MESSAGE][PASSED] - Object: 'Object Repository/Web Testing/Page_CURA Healthcare Service/h2_Make Appointment' is right clicked on

19-01-2024T10:37:44 - [TEST_STEP][PASSED] - verifyElementText(findTestObject("Object Repository/Web Testing/Page_CURA Healthcare Service/h2_Make Appointment"), "Make Appointment"): Actual text and expected text of test object 'Object Repository/Web Testing/Page_CURA Healthcare Service/h2_Make Appointment' are matched.

19-01-2024T10:37:48 - [MESSAGE][PASSED] - Actual text and expected text of test object 'Object Repository/Web Testing/Page_CURA Healthcare Service/h2_Make Appointment' are matched.]]></system-out>
         <system-err><![CDATA[]]></system-err>
      </testcase>
      <testcase name="Test Cases/Test Case Web Testing/AppointmentConfirmation" time="60.408" classname="Test Cases/Test Case Web Testing/AppointmentConfirmation" status="PASSED">
         <system-out><![CDATA[19-01-2024T10:37:48 - [TEST_CASE][PASSED] - Test Cases/Test Case Web Testing/AppointmentConfirmation: Test Cases/Test Case Web Testing/AppointmentConfirmation

19-01-2024T10:37:48 - [TEST_STEP][PASSED] - selectOptionByValue(findTestObject("Object Repository/Page_CURA Healthcare Service/select_Tokyo CURA Healthcare Center        _5b4107"), "Hongkong CURA Healthcare Center", true): All options with value 'Hongkong CURA Healthcare Center' are selected in object 'Object Repository/Page_CURA Healthcare Service/select_Tokyo CURA Healthcare Center        _5b4107'  using regular expression

19-01-2024T10:38:13 - [MESSAGE][PASSED] - All options with value 'Hongkong CURA Healthcare Center' are selected in object 'Object Repository/Page_CURA Healthcare Service/select_Tokyo CURA Healthcare Center        _5b4107'  using regular expression

19-01-2024T10:38:13 - [TEST_STEP][PASSED] - click(findTestObject("Object Repository/Page_CURA Healthcare Service/input_hospital_readmission")): Object: 'Object Repository/Page_CURA Healthcare Service/input_hospital_readmission' is clicked on

19-01-2024T10:38:19 - [MESSAGE][PASSED] - Object: 'Object Repository/Page_CURA Healthcare Service/input_hospital_readmission' is clicked on

19-01-2024T10:38:19 - [TEST_STEP][PASSED] - click(findTestObject("Object Repository/Page_CURA Healthcare Service/input_programs")): Object: 'Object Repository/Page_CURA Healthcare Service/input_programs' is clicked on

19-01-2024T10:38:23 - [MESSAGE][PASSED] - Object: 'Object Repository/Page_CURA Healthcare Service/input_programs' is clicked on

19-01-2024T10:38:23 - [TEST_STEP][PASSED] - click(findTestObject("Object Repository/Page_CURA Healthcare Service/span_glyphicon glyphicon-calendar")): Object: 'Object Repository/Page_CURA Healthcare Service/span_glyphicon glyphicon-calendar' is clicked on

19-01-2024T10:38:30 - [MESSAGE][PASSED] - Object: 'Object Repository/Page_CURA Healthcare Service/span_glyphicon glyphicon-calendar' is clicked on

19-01-2024T10:38:30 - [TEST_STEP][PASSED] - click(findTestObject("Object Repository/Page_CURA Healthcare Service/td_20")): Object: 'Object Repository/Page_CURA Healthcare Service/td_20' is clicked on

19-01-2024T10:38:35 - [MESSAGE][PASSED] - Object: 'Object Repository/Page_CURA Healthcare Service/td_20' is clicked on

19-01-2024T10:38:35 - [TEST_STEP][PASSED] - setText(findTestObject("Object Repository/Page_CURA Healthcare Service/textarea_comment"), "Testing"): Text 'Testing' is set on object 'Object Repository/Page_CURA Healthcare Service/textarea_comment'

19-01-2024T10:38:43 - [MESSAGE][PASSED] - Text 'Testing' is set on object 'Object Repository/Page_CURA Healthcare Service/textarea_comment'

19-01-2024T10:38:43 - [TEST_STEP][PASSED] - click(findTestObject("Object Repository/Page_CURA Healthcare Service/button_Book Appointment")): Object: 'Object Repository/Page_CURA Healthcare Service/button_Book Appointment' is clicked on

19-01-2024T10:38:47 - [MESSAGE][PASSED] - Object: 'Object Repository/Page_CURA Healthcare Service/button_Book Appointment' is clicked on

19-01-2024T10:38:47 - [TEST_STEP][PASSED] - closeBrowser(): Browser is closed

19-01-2024T10:38:48 - [MESSAGE][PASSED] - Browser is closed]]></system-out>
         <system-err><![CDATA[]]></system-err>
      </testcase>
      <system-out><![CDATA[19-01-2024T10:36:19 - [TEST_SUITE][PASSED] - Appointment: Test Cases/Test Case Web Testing/AppointmentConfirmation]]></system-out>
      <system-err><![CDATA[]]></system-err>
   </testsuite>
</testsuites>
