<?xml version="1.0" encoding="UTF-8"?>
<testsuites name="Appointment" time="55.784" tests="1" failures="0" errors="0">
   <testsuite name="Appointment" tests="1" failures="0" errors="0" time="55.784" skipped="0" timestamp="23-01-2024T15:17:38" hostname="0767 - DESKTOP-SQ56SGT" id="Test Suites/Test Suites/Appointment">
      <properties>
         <property name="deviceName"/>
         <property name="devicePlatform" value="WINDOWS"/>
         <property name="logFolder" value="C:\\Users\\0767\\Katalon Studio\\ProjectIGLO\\Reports\\20240123_151623\\Test Suites\\Appointment\\20240123_151623"/>
         <property name="logFiles" value="C:\\Users\\0767\\Katalon Studio\\ProjectIGLO\\Reports\\20240123_151623\\Test Suites\\Appointment\\20240123_151623\\execution0.log"/>
         <property name="attachments" value="keyes\keyes-cek.png"/>
         <property name="hostName" value="0767 - DESKTOP-SQ56SGT"/>
         <property name="remoteDriverUrl" value="testcloud.katalon.com/hub"/>
         <property name="desiredCapabilities" value="{&#xa;  &quot;timeouts&quot;: {&#xa;    &quot;implicit&quot;: 0,&#xa;    &quot;pageLoad&quot;: 300000,&#xa;    &quot;script&quot;: 30000&#xa;  },&#xa;  &quot;platform&quot;: &quot;WINDOWS&quot;,&#xa;  &quot;goog:chromeOptions&quot;: {&#xa;    &quot;debuggerAddress&quot;: &quot;localhost:9225&quot;&#xa;  },&#xa;  &quot;requestId&quot;: &quot;7baf1fe2-839d-42d9-bd44-5221e5e99a31&quot;,&#xa;  &quot;webauthn:extension:credBlob&quot;: true,&#xa;  &quot;acceptInsecureCerts&quot;: false,&#xa;  &quot;browserVersion&quot;: &quot;119.0.0.0&quot;,&#xa;  &quot;fedcm:accounts&quot;: true,&#xa;  &quot;browserName&quot;: &quot;chrome&quot;,&#xa;  &quot;javascriptEnabled&quot;: true,&#xa;  &quot;katalon:option&quot;: {&#xa;    &quot;unlimitedExecutionMinutes&quot;: true,&#xa;    &quot;userId&quot;: 1420960,&#xa;    &quot;organizationId&quot;: &quot;1378380&quot;,&#xa;    &quot;class&quot;: &quot;com.katalon.testcloud.grid.common.tunnel.domain.UserOptionCapability&quot;,&#xa;    &quot;runFromTestCloud&quot;: true,&#xa;    &quot;usingTunnel&quot;: false&#xa;  },&#xa;  &quot;platformName&quot;: &quot;WINDOWS&quot;,&#xa;  &quot;setWindowRect&quot;: true,&#xa;  &quot;webauthn:extension:largeBlob&quot;: true,&#xa;  &quot;networkConnectionEnabled&quot;: false,&#xa;  &quot;chrome&quot;: {&#xa;    &quot;chromedriverVersion&quot;: &quot;119.0.6045.9 (c7ec5863fa5c563b4b9057148aa2ae3f09f7994e-refs/branch-heads/6045@{#87})&quot;,&#xa;    &quot;userDataDir&quot;: &quot;C:\\Program Files (x86)\\scoped_dir1572_339924052&quot;&#xa;  },&#xa;  &quot;pageLoadStrategy&quot;: &quot;normal&quot;,&#xa;  &quot;unhandledPromptBehavior&quot;: &quot;dismiss and notify&quot;,&#xa;  &quot;strictFileInteractability&quot;: false,&#xa;  &quot;***:loadExtension&quot;: [&#xa;    &quot;https://prod-magicleap-user-files-us-east-1-v1.s3.amazonaws.com/extensions/orgId-691279/SmartWait.zip&quot;&#xa;  ],&#xa;  &quot;version&quot;: &quot;119&quot;,&#xa;  &quot;se:cdp&quot;: &quot;ws://172.48.66.56:4444/session/3cbca557955217222ef9a341c511ef11/se/cdp&quot;,&#xa;  &quot;proxy&quot;: {&#xa;    &quot;proxyType&quot;: &quot;DIRECT&quot;,&#xa;    &quot;autodetect&quot;: false&#xa;  },&#xa;  &quot;webauthn:extension:minPinLength&quot;: true,&#xa;  &quot;webdriver.remote.sessionid&quot;: &quot;3cbca557955217222ef9a341c511ef11&quot;,&#xa;  &quot;webauthn:extension:prf&quot;: true,&#xa;  &quot;webauthn:virtualAuthenticators&quot;: true&#xa;}"/>
         <property name="os" value="Windows 10 64bit"/>
         <property name="remoteOS" value="Windows"/>
         <property name="katalonVersion" value="9.2.0.212"/>
         <property name="browser" value="Chrome 119.0.0.0"/>
         <property name="hostAddress" value="192.168.78.2"/>
         <property name="sessionId" value="3cbca557955217222ef9a341c511ef11"/>
         <property name="seleniumVersion" value="3.141.59"/>
         <property name="proxyInformation" value="ProxyInformation { proxyOption=NO_PROXY, proxyServerType=HTTP, username=, password=********, proxyServerAddress=, proxyServerPort=0, executionList=&quot;&quot;, isApplyToDesiredCapabilities=true }"/>
         <property name="platform" value="Windows 10"/>
      </properties>
      <testcase name="Test Cases/Cura Healthcare Center/Login" time="55.481" classname="Test Cases/Cura Healthcare Center/Login" status="PASSED">
         <system-out><![CDATA[23-01-2024T15:17:38 - [TEST_CASE][PASSED] - Test Cases/Cura Healthcare Center/Login: Test Cases/Cura Healthcare Center/Login

23-01-2024T15:17:39 - [TEST_STEP][PASSED] - openBrowser(""): Browser is opened with url: ''

23-01-2024T15:17:39 - [MESSAGE][INFO] - User set preference: ['os', 'windows']

23-01-2024T15:17:39 - [MESSAGE][INFO] - User set preference: ['browserName', 'chrome']

23-01-2024T15:17:39 - [MESSAGE][INFO] - User set preference: ['browserVersion', '119']

23-01-2024T15:17:39 - [MESSAGE][INFO] - User set preference: ['katalon:option', '{organizationId=1378380, tunnelId=, usingTunnel=false}']

23-01-2024T15:17:39 - [MESSAGE][INFO] - Connecting to remote web server 'testcloud.katalon.com/hub' with type 'Selenium'

23-01-2024T15:17:39 - [MESSAGE][INFO] - Action delay is set to 0 milliseconds

23-01-2024T15:18:07 - [MESSAGE][PASSED] - Browser is opened with url: ''

23-01-2024T15:18:07 - [TEST_STEP][PASSED] - navigateToUrl("https://katalon-demo-cura.herokuapp.com/"): Navigate to 'https://katalon-demo-cura.herokuapp.com/' successfully

23-01-2024T15:18:08 - [MESSAGE][PASSED] - Navigate to 'https://katalon-demo-cura.herokuapp.com/' successfully

23-01-2024T15:18:08 - [TEST_STEP][PASSED] - click(findTestObject("Object Repository/Web Testing/Page_CURA Healthcare Service/a_Make Appointment")): Object: 'Object Repository/Web Testing/Page_CURA Healthcare Service/a_Make Appointment' is clicked on

23-01-2024T15:18:12 - [MESSAGE][PASSED] - Object: 'Object Repository/Web Testing/Page_CURA Healthcare Service/a_Make Appointment' is clicked on

23-01-2024T15:18:12 - [TEST_STEP][PASSED] - setText(findTestObject("Object Repository/Web Testing/Page_CURA Healthcare Service/input_username"), "John Doe"): Text 'John Doe' is set on object 'Object Repository/Web Testing/Page_CURA Healthcare Service/input_username'

23-01-2024T15:18:18 - [MESSAGE][PASSED] - Text 'John Doe' is set on object 'Object Repository/Web Testing/Page_CURA Healthcare Service/input_username'

23-01-2024T15:18:18 - [TEST_STEP][PASSED] - setEncryptedText(findTestObject("Object Repository/Web Testing/Page_CURA Healthcare Service/input_password"), "g3/DOGG74jC3Flrr3yH+3D/yKbOqqUNM"): Text ****** has been set on object 'Object Repository/Web Testing/Page_CURA Healthcare Service/input_password'

23-01-2024T15:18:22 - [MESSAGE][PASSED] - Text ****** has been set on object 'Object Repository/Web Testing/Page_CURA Healthcare Service/input_password'

23-01-2024T15:18:22 - [TEST_STEP][PASSED] - takeScreenshotAsCheckpoint("cek"): Taking screenshot successfully

23-01-2024T15:18:27 - [MESSAGE][INFO] - 0 hidden object(s)

23-01-2024T15:18:28 - [MESSAGE][PASSED] - Taking screenshot successfully
[[ATTACHMENT|keyes\keyes-cek.png]]

23-01-2024T15:18:28 - [TEST_STEP][PASSED] - click(findTestObject("Object Repository/Web Testing/Page_CURA Healthcare Service/button_Login")): Object: 'Object Repository/Web Testing/Page_CURA Healthcare Service/button_Login' is clicked on

23-01-2024T15:18:31 - [MESSAGE][PASSED] - Object: 'Object Repository/Web Testing/Page_CURA Healthcare Service/button_Login' is clicked on

23-01-2024T15:18:31 - [TEST_STEP][PASSED] - verifyElementText(findTestObject("Object Repository/Web Testing/Page_CURA Healthcare Service/h2_Make Appointment"), "Make Appointment"): Actual text and expected text of test object 'Object Repository/Web Testing/Page_CURA Healthcare Service/h2_Make Appointment' are matched.

23-01-2024T15:18:34 - [MESSAGE][PASSED] - Actual text and expected text of test object 'Object Repository/Web Testing/Page_CURA Healthcare Service/h2_Make Appointment' are matched.]]></system-out>
         <system-err><![CDATA[]]></system-err>
      </testcase>
      <system-out><![CDATA[23-01-2024T15:17:38 - [TEST_SUITE][PASSED] - Appointment: Test Cases/Cura Healthcare Center/Login]]></system-out>
      <system-err><![CDATA[]]></system-err>
   </testsuite>
</testsuites>
