<?xml version="1.0" encoding="UTF-8"?>
<testsuites name="Para Bank" time="613.896" tests="4" failures="0" errors="0">
   <testsuite name="Para Bank" tests="4" failures="0" errors="0" time="613.896" skipped="0" timestamp="19-01-2024T22:39:04" hostname="0767 - DESKTOP-SQ56SGT" id="Test Suites/Test Suites/Para Bank">
      <properties>
         <property name="deviceName"/>
         <property name="devicePlatform" value="WINDOWS"/>
         <property name="logFolder" value="C:\\Users\\0767\\Katalon Studio\\ProjectIGLO\\Reports\\20240119_223851\\Test Suites\\Para Bank\\20240119_223852"/>
         <property name="logFiles" value="C:\\Users\\0767\\Katalon Studio\\ProjectIGLO\\Reports\\20240119_223851\\Test Suites\\Para Bank\\20240119_223852\\execution0.log"/>
         <property name="attachments" value=""/>
         <property name="hostName" value="0767 - DESKTOP-SQ56SGT"/>
         <property name="remoteDriverUrl" value="testcloud.katalon.com/hub"/>
         <property name="desiredCapabilities" value="{&#xa;  &quot;timeouts&quot;: {&#xa;    &quot;implicit&quot;: 0,&#xa;    &quot;pageLoad&quot;: 300000,&#xa;    &quot;script&quot;: 30000&#xa;  },&#xa;  &quot;platform&quot;: &quot;WINDOWS&quot;,&#xa;  &quot;goog:chromeOptions&quot;: {&#xa;    &quot;debuggerAddress&quot;: &quot;localhost:9225&quot;&#xa;  },&#xa;  &quot;requestId&quot;: &quot;faee4e84-c530-4a8e-b66e-2b1e542dd8e9&quot;,&#xa;  &quot;webauthn:extension:credBlob&quot;: true,&#xa;  &quot;acceptInsecureCerts&quot;: false,&#xa;  &quot;browserVersion&quot;: &quot;119.0.0.0&quot;,&#xa;  &quot;fedcm:accounts&quot;: true,&#xa;  &quot;browserName&quot;: &quot;chrome&quot;,&#xa;  &quot;javascriptEnabled&quot;: true,&#xa;  &quot;katalon:option&quot;: {&#xa;    &quot;unlimitedExecutionMinutes&quot;: true,&#xa;    &quot;userId&quot;: 1420960,&#xa;    &quot;organizationId&quot;: &quot;1378380&quot;,&#xa;    &quot;class&quot;: &quot;com.katalon.testcloud.grid.common.tunnel.domain.UserOptionCapability&quot;,&#xa;    &quot;runFromTestCloud&quot;: true,&#xa;    &quot;usingTunnel&quot;: false&#xa;  },&#xa;  &quot;platformName&quot;: &quot;WINDOWS&quot;,&#xa;  &quot;setWindowRect&quot;: true,&#xa;  &quot;webauthn:extension:largeBlob&quot;: true,&#xa;  &quot;networkConnectionEnabled&quot;: false,&#xa;  &quot;chrome&quot;: {&#xa;    &quot;chromedriverVersion&quot;: &quot;119.0.6045.9 (c7ec5863fa5c563b4b9057148aa2ae3f09f7994e-refs/branch-heads/6045@{#87})&quot;,&#xa;    &quot;userDataDir&quot;: &quot;C:\\Program Files (x86)\\scoped_dir3348_1627186709&quot;&#xa;  },&#xa;  &quot;os&quot;: &quot;windows&quot;,&#xa;  &quot;pageLoadStrategy&quot;: &quot;normal&quot;,&#xa;  &quot;unhandledPromptBehavior&quot;: &quot;dismiss and notify&quot;,&#xa;  &quot;strictFileInteractability&quot;: false,&#xa;  &quot;***:loadExtension&quot;: [&#xa;    &quot;https://prod-magicleap-user-files-us-east-1-v1.s3.amazonaws.com/extensions/orgId-691279/SmartWait.zip&quot;&#xa;  ],&#xa;  &quot;version&quot;: &quot;119&quot;,&#xa;  &quot;se:cdp&quot;: &quot;ws://172.48.94.113:4444/session/f7102f8ef456aba56428680eda8ae0fa/se/cdp&quot;,&#xa;  &quot;proxy&quot;: {&#xa;    &quot;proxyType&quot;: &quot;DIRECT&quot;,&#xa;    &quot;autodetect&quot;: false&#xa;  },&#xa;  &quot;webauthn:extension:minPinLength&quot;: true,&#xa;  &quot;webdriver.remote.sessionid&quot;: &quot;f7102f8ef456aba56428680eda8ae0fa&quot;,&#xa;  &quot;webauthn:extension:prf&quot;: true,&#xa;  &quot;webauthn:virtualAuthenticators&quot;: true&#xa;}"/>
         <property name="os" value="Windows 10 64bit"/>
         <property name="remoteOS" value="Windows"/>
         <property name="katalonVersion" value="9.2.0.212"/>
         <property name="browser" value="Chrome 119.0.0.0"/>
         <property name="hostAddress" value="192.168.90.251"/>
         <property name="sessionId" value="f7102f8ef456aba56428680eda8ae0fa"/>
         <property name="seleniumVersion" value="3.141.59"/>
         <property name="proxyInformation" value="ProxyInformation { proxyOption=NO_PROXY, proxyServerType=HTTP, username=, password=********, proxyServerAddress=, proxyServerPort=0, executionList=&quot;&quot;, isApplyToDesiredCapabilities=true }"/>
         <property name="platform" value="Windows 10"/>
      </properties>
      <testcase name="Test Cases/Para Bank/Login" time="119.93" classname="Test Cases/Para Bank/Login" status="PASSED">
         <system-out><![CDATA[19-01-2024T22:39:05 - [TEST_CASE][PASSED] - Test Cases/Para Bank/Login: Test Cases/Para Bank/Login

19-01-2024T22:39:05 - [TEST_STEP][PASSED] - openBrowser(""): Browser is opened with url: ''

19-01-2024T22:39:05 - [MESSAGE][INFO] - User set preference: ['os', 'windows']

19-01-2024T22:39:05 - [MESSAGE][INFO] - User set preference: ['browserName', 'chrome']

19-01-2024T22:39:05 - [MESSAGE][INFO] - User set preference: ['browserVersion', '119']

19-01-2024T22:39:05 - [MESSAGE][INFO] - User set preference: ['katalon:option', '{organizationId=1378380, tunnelId=, usingTunnel=false}']

19-01-2024T22:39:05 - [MESSAGE][INFO] - Connecting to remote web server 'testcloud.katalon.com/hub' with type 'Selenium'

19-01-2024T22:39:06 - [MESSAGE][INFO] - Action delay is set to 0 milliseconds

19-01-2024T22:40:28 - [MESSAGE][PASSED] - Browser is opened with url: ''

19-01-2024T22:40:28 - [TEST_STEP][PASSED] - navigateToUrl("https://parabank.parasoft.com/parabank/index.htm"): Navigate to 'https://parabank.parasoft.com/parabank/index.htm' successfully

19-01-2024T22:40:32 - [MESSAGE][PASSED] - Navigate to 'https://parabank.parasoft.com/parabank/index.htm' successfully

19-01-2024T22:40:32 - [TEST_STEP][PASSED] - setText(findTestObject("Object Repository/Para Bank/Page_ParaBank  Welcome  Online Banking/input_username"), "asep"): Text 'asep' is set on object 'Object Repository/Para Bank/Page_ParaBank  Welcome  Online Banking/input_username'

19-01-2024T22:40:51 - [MESSAGE][PASSED] - Text 'asep' is set on object 'Object Repository/Para Bank/Page_ParaBank  Welcome  Online Banking/input_username'

19-01-2024T22:40:51 - [TEST_STEP][PASSED] - setEncryptedText(findTestObject("Object Repository/Para Bank/Page_ParaBank  Welcome  Online Banking/input_password"), "amhbjqpz+W+cUhleMTuzlg=="): Text ****** has been set on object 'Object Repository/Para Bank/Page_ParaBank  Welcome  Online Banking/input_password'

19-01-2024T22:41:00 - [MESSAGE][PASSED] - Text ****** has been set on object 'Object Repository/Para Bank/Page_ParaBank  Welcome  Online Banking/input_password'

19-01-2024T22:41:00 - [TEST_STEP][PASSED] - click(findTestObject("Object Repository/Para Bank/Page_ParaBank  Welcome  Online Banking/input_button")): Object: 'Object Repository/Para Bank/Page_ParaBank  Welcome  Online Banking/input_button' is clicked on

19-01-2024T22:41:05 - [MESSAGE][PASSED] - Object: 'Object Repository/Para Bank/Page_ParaBank  Welcome  Online Banking/input_button' is clicked on]]></system-out>
         <system-err><![CDATA[]]></system-err>
      </testcase>
      <testcase name="Test Cases/Para Bank/Open New Account" time="184.26" classname="Test Cases/Para Bank/Open New Account" status="PASSED">
         <system-out><![CDATA[19-01-2024T22:41:05 - [TEST_CASE][PASSED] - Test Cases/Para Bank/Open New Account: Test Cases/Para Bank/Open New Account

19-01-2024T22:41:05 - [TEST_STEP][PASSED] - openBrowser(""): Browser is opened with url: ''

19-01-2024T22:41:05 - [MESSAGE][WARNING] - A browser is already opened. Closing browser and opening a new one

19-01-2024T22:41:06 - [MESSAGE][INFO] - User set preference: ['os', 'windows']

19-01-2024T22:41:06 - [MESSAGE][INFO] - User set preference: ['browserName', 'chrome']

19-01-2024T22:41:06 - [MESSAGE][INFO] - User set preference: ['browserVersion', '119']

19-01-2024T22:41:06 - [MESSAGE][INFO] - User set preference: ['katalon:option', '{organizationId=1378380, tunnelId=, usingTunnel=false}']

19-01-2024T22:41:06 - [MESSAGE][INFO] - Connecting to remote web server 'testcloud.katalon.com/hub' with type 'Selenium'

19-01-2024T22:41:06 - [MESSAGE][INFO] - Action delay is set to 0 milliseconds

19-01-2024T22:42:08 - [MESSAGE][PASSED] - Browser is opened with url: ''

19-01-2024T22:42:08 - [TEST_STEP][PASSED] - navigateToUrl("https://parabank.parasoft.com/parabank/index.htm"): Navigate to 'https://parabank.parasoft.com/parabank/index.htm' successfully

19-01-2024T22:42:10 - [MESSAGE][PASSED] - Navigate to 'https://parabank.parasoft.com/parabank/index.htm' successfully

19-01-2024T22:42:10 - [TEST_STEP][PASSED] - setText(findTestObject("Object Repository/Para Bank/Page_ParaBank  Welcome  Online Banking/input_username"), "asep"): Text 'asep' is set on object 'Object Repository/Para Bank/Page_ParaBank  Welcome  Online Banking/input_username'

19-01-2024T22:42:17 - [MESSAGE][PASSED] - Text 'asep' is set on object 'Object Repository/Para Bank/Page_ParaBank  Welcome  Online Banking/input_username'

19-01-2024T22:42:17 - [TEST_STEP][PASSED] - setEncryptedText(findTestObject("Object Repository/Para Bank/Page_ParaBank  Welcome  Online Banking/input_password"), "amhbjqpz+W+cUhleMTuzlg=="): Text ****** has been set on object 'Object Repository/Para Bank/Page_ParaBank  Welcome  Online Banking/input_password'

19-01-2024T22:42:22 - [MESSAGE][PASSED] - Text ****** has been set on object 'Object Repository/Para Bank/Page_ParaBank  Welcome  Online Banking/input_password'

19-01-2024T22:42:22 - [TEST_STEP][PASSED] - click(findTestObject("Object Repository/Para Bank/Page_ParaBank  Welcome  Online Banking/input_button")): Object: 'Object Repository/Para Bank/Page_ParaBank  Welcome  Online Banking/input_button' is clicked on

19-01-2024T22:42:32 - [MESSAGE][PASSED] - Object: 'Object Repository/Para Bank/Page_ParaBank  Welcome  Online Banking/input_button' is clicked on

19-01-2024T22:42:32 - [TEST_STEP][PASSED] - click(findTestObject("Object Repository/Para Bank/Page_ParaBank  Accounts Overview/a_Open New Account")): Object: 'Object Repository/Para Bank/Page_ParaBank  Accounts Overview/a_Open New Account' is clicked on

19-01-2024T22:42:46 - [MESSAGE][PASSED] - Object: 'Object Repository/Para Bank/Page_ParaBank  Accounts Overview/a_Open New Account' is clicked on

19-01-2024T22:42:46 - [TEST_STEP][PASSED] - selectOptionByValue(findTestObject("Object Repository/Para Bank/Page_ParaBank  Open Account/select_CHECKING                  SAVINGS"), "1", true): All options with value '1' are selected in object 'Object Repository/Para Bank/Page_ParaBank  Open Account/select_CHECKING                  SAVINGS'  using regular expression

19-01-2024T22:43:51 - [MESSAGE][PASSED] - All options with value '1' are selected in object 'Object Repository/Para Bank/Page_ParaBank  Open Account/select_CHECKING                  SAVINGS'  using regular expression

19-01-2024T22:43:51 - [TEST_STEP][PASSED] - click(findTestObject("Object Repository/Para Bank/Page_ParaBank  Open Account/input_button")): Object: 'Object Repository/Para Bank/Page_ParaBank  Open Account/input_button' is clicked on

19-01-2024T22:44:00 - [MESSAGE][PASSED] - Object: 'Object Repository/Para Bank/Page_ParaBank  Open Account/input_button' is clicked on

19-01-2024T22:44:00 - [TEST_STEP][PASSED] - click(findTestObject("Object Repository/Para Bank/Page_ParaBank  Open Account/a_32547")): Object: 'Object Repository/Para Bank/Page_ParaBank  Open Account/a_32547' is clicked on

19-01-2024T22:44:09 - [MESSAGE][PASSED] - Object: 'Object Repository/Para Bank/Page_ParaBank  Open Account/a_32547' is clicked on]]></system-out>
         <system-err><![CDATA[]]></system-err>
      </testcase>
      <testcase name="Test Cases/Para Bank/Account Overview" time="145.295" classname="Test Cases/Para Bank/Account Overview" status="PASSED">
         <system-out><![CDATA[19-01-2024T22:44:09 - [TEST_CASE][PASSED] - Test Cases/Para Bank/Account Overview: Test Cases/Para Bank/Account Overview

19-01-2024T22:44:09 - [TEST_STEP][PASSED] - openBrowser(""): Browser is opened with url: ''

19-01-2024T22:44:09 - [MESSAGE][WARNING] - A browser is already opened. Closing browser and opening a new one

19-01-2024T22:44:10 - [MESSAGE][INFO] - User set preference: ['os', 'windows']

19-01-2024T22:44:10 - [MESSAGE][INFO] - User set preference: ['browserName', 'chrome']

19-01-2024T22:44:10 - [MESSAGE][INFO] - User set preference: ['browserVersion', '119']

19-01-2024T22:44:10 - [MESSAGE][INFO] - User set preference: ['katalon:option', '{organizationId=1378380, tunnelId=, usingTunnel=false}']

19-01-2024T22:44:10 - [MESSAGE][INFO] - Connecting to remote web server 'testcloud.katalon.com/hub' with type 'Selenium'

19-01-2024T22:44:10 - [MESSAGE][INFO] - Action delay is set to 0 milliseconds

19-01-2024T22:44:47 - [MESSAGE][PASSED] - Browser is opened with url: ''

19-01-2024T22:44:47 - [TEST_STEP][PASSED] - navigateToUrl("https://parabank.parasoft.com/parabank/index.htm"): Navigate to 'https://parabank.parasoft.com/parabank/index.htm' successfully

19-01-2024T22:44:50 - [MESSAGE][PASSED] - Navigate to 'https://parabank.parasoft.com/parabank/index.htm' successfully

19-01-2024T22:44:50 - [TEST_STEP][PASSED] - setText(findTestObject("Object Repository/Para Bank/Page_ParaBank  Welcome  Online Banking/input_username"), "asep"): Text 'asep' is set on object 'Object Repository/Para Bank/Page_ParaBank  Welcome  Online Banking/input_username'

19-01-2024T22:45:25 - [MESSAGE][PASSED] - Text 'asep' is set on object 'Object Repository/Para Bank/Page_ParaBank  Welcome  Online Banking/input_username'

19-01-2024T22:45:25 - [TEST_STEP][PASSED] - setEncryptedText(findTestObject("Object Repository/Para Bank/Page_ParaBank  Welcome  Online Banking/input_password"), "amhbjqpz+W+cUhleMTuzlg=="): Text ****** has been set on object 'Object Repository/Para Bank/Page_ParaBank  Welcome  Online Banking/input_password'

19-01-2024T22:45:41 - [MESSAGE][PASSED] - Text ****** has been set on object 'Object Repository/Para Bank/Page_ParaBank  Welcome  Online Banking/input_password'

19-01-2024T22:45:41 - [TEST_STEP][PASSED] - click(findTestObject("Object Repository/Para Bank/Page_ParaBank  Welcome  Online Banking/input_button")): Object: 'Object Repository/Para Bank/Page_ParaBank  Welcome  Online Banking/input_button' is clicked on

19-01-2024T22:45:49 - [MESSAGE][PASSED] - Object: 'Object Repository/Para Bank/Page_ParaBank  Welcome  Online Banking/input_button' is clicked on

19-01-2024T22:45:49 - [TEST_STEP][PASSED] - click(findTestObject("Object Repository/Para Bank/Page_ParaBank  Accounts Overview/a_Accounts Overview")): Object: 'Object Repository/Para Bank/Page_ParaBank  Accounts Overview/a_Accounts Overview' is clicked on

19-01-2024T22:45:57 - [MESSAGE][PASSED] - Object: 'Object Repository/Para Bank/Page_ParaBank  Accounts Overview/a_Accounts Overview' is clicked on

19-01-2024T22:45:57 - [TEST_STEP][PASSED] - click(findTestObject("Object Repository/Para Bank/Page_ParaBank  Accounts Overview/b_5000.00")): Object: 'Object Repository/Para Bank/Page_ParaBank  Accounts Overview/b_5000.00' is clicked on

19-01-2024T22:46:30 - [MESSAGE][INFO] - Unable to find the element located by 'By.xpath: //table[@id='accountTable']/tbody/tr[3]/td[2]/b'. Please recheck the objects properties to make sure the desired element is located. 

19-01-2024T22:46:30 - [MESSAGE][WARNING] - [SELF-HEALING] Failed to find element with id 'Object Repository/Para Bank/Page_ParaBank  Accounts Overview/b_5000.00'. Try using Self-healing.

19-01-2024T22:46:33 - [MESSAGE][WARNING] - [SELF-HEALING] The current locator of test object 'Object Repository/Para Bank/Page_ParaBank  Accounts Overview/b_5000.00' was broken. Propose an alternative one: '//td[2]/b'.

19-01-2024T22:46:34 - [MESSAGE][PASSED] - Object: 'Object Repository/Para Bank/Page_ParaBank  Accounts Overview/b_5000.00' is clicked on]]></system-out>
         <system-err><![CDATA[]]></system-err>
      </testcase>
      <testcase name="Test Cases/Para Bank/Transfer Funds" time="164.151" classname="Test Cases/Para Bank/Transfer Funds" status="PASSED">
         <system-out><![CDATA[19-01-2024T22:46:34 - [TEST_CASE][PASSED] - Test Cases/Para Bank/Transfer Funds: Test Cases/Para Bank/Transfer Funds

19-01-2024T22:46:34 - [TEST_STEP][PASSED] - openBrowser(""): Browser is opened with url: ''

19-01-2024T22:46:34 - [MESSAGE][WARNING] - A browser is already opened. Closing browser and opening a new one

19-01-2024T22:46:36 - [MESSAGE][INFO] - User set preference: ['os', 'windows']

19-01-2024T22:46:36 - [MESSAGE][INFO] - User set preference: ['browserName', 'chrome']

19-01-2024T22:46:36 - [MESSAGE][INFO] - User set preference: ['browserVersion', '119']

19-01-2024T22:46:36 - [MESSAGE][INFO] - User set preference: ['katalon:option', '{organizationId=1378380, tunnelId=, usingTunnel=false}']

19-01-2024T22:46:36 - [MESSAGE][INFO] - Connecting to remote web server 'testcloud.katalon.com/hub' with type 'Selenium'

19-01-2024T22:46:36 - [MESSAGE][INFO] - Action delay is set to 0 milliseconds

19-01-2024T22:47:08 - [MESSAGE][PASSED] - Browser is opened with url: ''

19-01-2024T22:47:08 - [TEST_STEP][PASSED] - navigateToUrl("https://parabank.parasoft.com/parabank/index.htm"): Navigate to 'https://parabank.parasoft.com/parabank/index.htm' successfully

19-01-2024T22:47:10 - [MESSAGE][PASSED] - Navigate to 'https://parabank.parasoft.com/parabank/index.htm' successfully

19-01-2024T22:47:10 - [TEST_STEP][PASSED] - setText(findTestObject("Object Repository/Para Bank/Page_ParaBank  Welcome  Online Banking/input_username"), "asep"): Text 'asep' is set on object 'Object Repository/Para Bank/Page_ParaBank  Welcome  Online Banking/input_username'

19-01-2024T22:47:18 - [MESSAGE][PASSED] - Text 'asep' is set on object 'Object Repository/Para Bank/Page_ParaBank  Welcome  Online Banking/input_username'

19-01-2024T22:47:18 - [TEST_STEP][PASSED] - setEncryptedText(findTestObject("Object Repository/Para Bank/Page_ParaBank  Welcome  Online Banking/input_password"), "amhbjqpz+W+cUhleMTuzlg=="): Text ****** has been set on object 'Object Repository/Para Bank/Page_ParaBank  Welcome  Online Banking/input_password'

19-01-2024T22:47:22 - [MESSAGE][PASSED] - Text ****** has been set on object 'Object Repository/Para Bank/Page_ParaBank  Welcome  Online Banking/input_password'

19-01-2024T22:47:22 - [TEST_STEP][PASSED] - click(findTestObject("Object Repository/Para Bank/Page_ParaBank  Welcome  Online Banking/input_button")): Object: 'Object Repository/Para Bank/Page_ParaBank  Welcome  Online Banking/input_button' is clicked on

19-01-2024T22:47:26 - [MESSAGE][PASSED] - Object: 'Object Repository/Para Bank/Page_ParaBank  Welcome  Online Banking/input_button' is clicked on

19-01-2024T22:47:27 - [TEST_STEP][PASSED] - click(findTestObject("Object Repository/Para Bank/Page_ParaBank  Accounts Overview/a_Transfer Funds")): Object: 'Object Repository/Para Bank/Page_ParaBank  Accounts Overview/a_Transfer Funds' is clicked on

19-01-2024T22:47:31 - [MESSAGE][PASSED] - Object: 'Object Repository/Para Bank/Page_ParaBank  Accounts Overview/a_Transfer Funds' is clicked on

19-01-2024T22:47:31 - [TEST_STEP][PASSED] - setText(findTestObject("Object Repository/Para Bank/Page_ParaBank  Transfer Funds/input_input"), "110"): Text '110' is set on object 'Object Repository/Para Bank/Page_ParaBank  Transfer Funds/input_input'

19-01-2024T22:47:38 - [MESSAGE][PASSED] - Text '110' is set on object 'Object Repository/Para Bank/Page_ParaBank  Transfer Funds/input_input'

19-01-2024T22:47:38 - [TEST_STEP][PASSED] - selectOptionByValue(findTestObject("Object Repository/Para Bank/Page_ParaBank  Transfer Funds/select_3243632547"), "32436", true): All options with value '32436' are selected in object 'Object Repository/Para Bank/Page_ParaBank  Transfer Funds/select_3243632547'  using regular expression

19-01-2024T22:48:26 - [MESSAGE][PASSED] - All options with value '32436' are selected in object 'Object Repository/Para Bank/Page_ParaBank  Transfer Funds/select_3243632547'  using regular expression

19-01-2024T22:48:26 - [TEST_STEP][PASSED] - selectOptionByValue(findTestObject("Object Repository/Para Bank/Page_ParaBank  Transfer Funds/select_3243632547"), "32547", true): All options with value '32547' are selected in object 'Object Repository/Para Bank/Page_ParaBank  Transfer Funds/select_3243632547'  using regular expression

19-01-2024T22:49:12 - [MESSAGE][PASSED] - All options with value '32547' are selected in object 'Object Repository/Para Bank/Page_ParaBank  Transfer Funds/select_3243632547'  using regular expression

19-01-2024T22:49:12 - [TEST_STEP][PASSED] - click(findTestObject("Object Repository/Para Bank/Page_ParaBank  Transfer Funds/input_button")): Object: 'Object Repository/Para Bank/Page_ParaBank  Transfer Funds/input_button' is clicked on

19-01-2024T22:49:18 - [MESSAGE][PASSED] - Object: 'Object Repository/Para Bank/Page_ParaBank  Transfer Funds/input_button' is clicked on]]></system-out>
         <system-err><![CDATA[]]></system-err>
      </testcase>
      <system-out><![CDATA[19-01-2024T22:39:04 - [TEST_SUITE][PASSED] - Para Bank: Test Cases/Para Bank/Transfer Funds]]></system-out>
      <system-err><![CDATA[]]></system-err>
   </testsuite>
</testsuites>
